# JRE version: OpenJDK Runtime Environment (8.0_212-b04) (build 1.8.0_212-release-1586-b04)
# Java VM: OpenJDK 64-Bit Server VM (25.212-b04 mixed mode windows-amd64 compressed oops)
Heap:
 PSYoungGen      total 135168K, used 128948K [0x00000000e0000000, 0x00000000e9580000, 0x0000000100000000)
  eden space 123392K, 98% used [0x00000000e0000000,0x00000000e7666320,0x00000000e7880000)
  from space 11776K, 65% used [0x00000000e8a00000,0x00000000e9186f90,0x00000000e9580000)
  to   space 14848K, 0% used [0x00000000e7880000,0x00000000e7880000,0x00000000e8700000)
 ParOldGen       total 102912K, used 35195K [0x00000000a0000000, 0x00000000a6480000, 0x00000000e0000000)
  object space 102912K, 34% used [0x00000000a0000000,0x00000000a225efa8,0x00000000a6480000)
 Metaspace       used 62133K, capacity 64464K, committed 64856K, reserved 1105920K
  class space    used 8425K, capacity 8923K, committed 9048K, reserved 1048576K
GC Heap History (10 events):
Event: 25.791 GC heap before
{Heap before GC invocations=15 (full 2):
 PSYoungGen      total 96768K, used 92160K [0x00000000e0000000, 0x00000000e7480000, 0x0000000100000000)
  eden space 92160K, 100% used [0x00000000e0000000,0x00000000e5a00000,0x00000000e5a00000)
  from space 4608K, 0% used [0x00000000e6300000,0x00000000e6300000,0x00000000e6780000)
  to   space 9216K, 0% used [0x00000000e5a00000,0x00000000e5a00000,0x00000000e6300000)
 ParOldGen       total 64000K, used 17475K [0x00000000a0000000, 0x00000000a3e80000, 0x00000000e0000000)
  object space 64000K, 27% used [0x00000000a0000000,0x00000000a1110fa0,0x00000000a3e80000)
 Metaspace       used 44049K, capacity 45092K, committed 45184K, reserved 1087488K
  class space    used 5944K, capacity 6252K, committed 6272K, reserved 1048576K
Event: 25.804 GC heap after
Heap after GC invocations=15 (full 2):
 PSYoungGen      total 101376K, used 9202K [0x00000000e0000000, 0x00000000e8180000, 0x0000000100000000)
  eden space 92160K, 0% used [0x00000000e0000000,0x00000000e0000000,0x00000000e5a00000)
  from space 9216K, 99% used [0x00000000e5a00000,0x00000000e62fc8e8,0x00000000e6300000)
  to   space 11264K, 0% used [0x00000000e7680000,0x00000000e7680000,0x00000000e8180000)
 ParOldGen       total 64000K, used 20325K [0x00000000a0000000, 0x00000000a3e80000, 0x00000000e0000000)
  object space 64000K, 31% used [0x00000000a0000000,0x00000000a13d9410,0x00000000a3e80000)
 Metaspace       used 44049K, capacity 45092K, committed 45184K, reserved 1087488K
  class space    used 5944K, capacity 6252K, committed 6272K, reserved 1048576K
}
Event: 31.452 GC heap before
{Heap before GC invocations=16 (full 2):
 PSYoungGen      total 101376K, used 101362K [0x00000000e0000000, 0x00000000e8180000, 0x0000000100000000)
  eden space 92160K, 100% used [0x00000000e0000000,0x00000000e5a00000,0x00000000e5a00000)
  from space 9216K, 99% used [0x00000000e5a00000,0x00000000e62fc8e8,0x00000000e6300000)
  to   space 11264K, 0% used [0x00000000e7680000,0x00000000e7680000,0x00000000e8180000)
 ParOldGen       total 64000K, used 20325K [0x00000000a0000000, 0x00000000a3e80000, 0x00000000e0000000)
  object space 64000K, 31% used [0x00000000a0000000,0x00000000a13d9410,0x00000000a3e80000)
 Metaspace       used 52138K, capacity 53742K, committed 53888K, reserved 1095680K
  class space    used 7134K, capacity 7544K, committed 7552K, reserved 1048576K
Event: 31.474 GC heap after
Heap after GC invocations=16 (full 2):
 PSYoungGen      total 119808K, used 11232K [0x00000000e0000000, 0x00000000e8300000, 0x0000000100000000)
  eden space 108544K, 0% used [0x00000000e0000000,0x00000000e0000000,0x00000000e6a00000)
  from space 11264K, 99% used [0x00000000e7680000,0x00000000e81780a0,0x00000000e8180000)
  to   space 12800K, 0% used [0x00000000e6a00000,0x00000000e6a00000,0x00000000e7680000)
 ParOldGen       total 64000K, used 26176K [0x00000000a0000000, 0x00000000a3e80000, 0x00000000e0000000)
  object space 64000K, 40% used [0x00000000a0000000,0x00000000a19901f8,0x00000000a3e80000)
 Metaspace       used 52138K, capacity 53742K, committed 53888K, reserved 1095680K
  class space    used 7134K, capacity 7544K, committed 7552K, reserved 1048576K
}
Event: 42.091 GC heap before
{Heap before GC invocations=17 (full 2):
 PSYoungGen      total 119808K, used 92857K [0x00000000e0000000, 0x00000000e8300000, 0x0000000100000000)
  eden space 108544K, 75% used [0x00000000e0000000,0x00000000e4fb63e8,0x00000000e6a00000)
  from space 11264K, 99% used [0x00000000e7680000,0x00000000e81780a0,0x00000000e8180000)
  to   space 12800K, 0% used [0x00000000e6a00000,0x00000000e6a00000,0x00000000e7680000)
 ParOldGen       total 64000K, used 26176K [0x00000000a0000000, 0x00000000a3e80000, 0x00000000e0000000)
  object space 64000K, 40% used [0x00000000a0000000,0x00000000a19901f8,0x00000000a3e80000)
 Metaspace       used 57201K, capacity 59010K, committed 59096K, reserved 1099776K
  class space    used 7898K, capacity 8346K, committed 8408K, reserved 1048576K
Event: 42.116 GC heap after
Heap after GC invocations=17 (full 2):
 PSYoungGen      total 121344K, used 12795K [0x00000000e0000000, 0x00000000e9900000, 0x0000000100000000)
  eden space 108544K, 0% used [0x00000000e0000000,0x00000000e0000000,0x00000000e6a00000)
  from space 12800K, 99% used [0x00000000e6a00000,0x00000000e767eda8,0x00000000e7680000)
  to   space 15360K, 0% used [0x00000000e8a00000,0x00000000e8a00000,0x00000000e9900000)
 ParOldGen       total 64000K, used 28096K [0x00000000a0000000, 0x00000000a3e80000, 0x00000000e0000000)
  object space 64000K, 43% used [0x00000000a0000000,0x00000000a1b703b8,0x00000000a3e80000)
 Metaspace       used 57201K, capacity 59010K, committed 59096K, reserved 1099776K
  class space    used 7898K, capacity 8346K, committed 8408K, reserved 1048576K
}
Event: 42.116 GC heap before
{Heap before GC invocations=18 (full 3):
 PSYoungGen      total 121344K, used 12795K [0x00000000e0000000, 0x00000000e9900000, 0x0000000100000000)
  eden space 108544K, 0% used [0x00000000e0000000,0x00000000e0000000,0x00000000e6a00000)
  from space 12800K, 99% used [0x00000000e6a00000,0x00000000e767eda8,0x00000000e7680000)
  to   space 15360K, 0% used [0x00000000e8a00000,0x00000000e8a00000,0x00000000e9900000)
 ParOldGen       total 64000K, used 28096K [0x00000000a0000000, 0x00000000a3e80000, 0x00000000e0000000)
  object space 64000K, 43% used [0x00000000a0000000,0x00000000a1b703b8,0x00000000a3e80000)
 Metaspace       used 57201K, capacity 59010K, committed 59096K, reserved 1099776K
  class space    used 7898K, capacity 8346K, committed 8408K, reserved 1048576K
Event: 42.379 GC heap after
Heap after GC invocations=18 (full 3):
 PSYoungGen      total 121344K, used 0K [0x00000000e0000000, 0x00000000e9900000, 0x0000000100000000)
  eden space 108544K, 0% used [0x00000000e0000000,0x00000000e0000000,0x00000000e6a00000)
  from space 12800K, 0% used [0x00000000e6a00000,0x00000000e6a00000,0x00000000e7680000)
  to   space 15360K, 0% used [0x00000000e8a00000,0x00000000e8a00000,0x00000000e9900000)
 ParOldGen       total 102912K, used 35187K [0x00000000a0000000, 0x00000000a6480000, 0x00000000e0000000)
  object space 102912K, 34% used [0x00000000a0000000,0x00000000a225cfa8,0x00000000a6480000)
 Metaspace       used 57186K, capacity 58974K, committed 59096K, reserved 1099776K
  class space    used 7894K, capacity 8338K, committed 8408K, reserved 1048576K
}
Event: 64.507 GC heap before
{Heap before GC invocations=19 (full 3):
 PSYoungGen      total 121344K, used 108544K [0x00000000e0000000, 0x00000000e9900000, 0x0000000100000000)
  eden space 108544K, 100% used [0x00000000e0000000,0x00000000e6a00000,0x00000000e6a00000)
  from space 12800K, 0% used [0x00000000e6a00000,0x00000000e6a00000,0x00000000e7680000)
  to   space 15360K, 0% used [0x00000000e8a00000,0x00000000e8a00000,0x00000000e9900000)
 ParOldGen       total 102912K, used 35187K [0x00000000a0000000, 0x00000000a6480000, 0x00000000e0000000)
  object space 102912K, 34% used [0x00000000a0000000,0x00000000a225cfa8,0x00000000a6480000)
 Metaspace       used 60513K, capacity 62762K, committed 62936K, reserved 1103872K
  class space    used 8274K, capacity 8812K, committed 8920K, reserved 1048576K
Event: 64.530 GC heap after
Heap after GC invocations=19 (full 3):
 PSYoungGen      total 135168K, used 7707K [0x00000000e0000000, 0x00000000e9580000, 0x0000000100000000)
  eden space 123392K, 0% used [0x00000000e0000000,0x00000000e0000000,0x00000000e7880000)
  from space 11776K, 65% used [0x00000000e8a00000,0x00000000e9186f90,0x00000000e9580000)
  to   space 14848K, 0% used [0x00000000e7880000,0x00000000e7880000,0x00000000e8700000)
 ParOldGen       total 102912K, used 35195K [0x00000000a0000000, 0x00000000a6480000, 0x00000000e0000000)
  object space 102912K, 34% used [0x00000000a0000000,0x00000000a225efa8,0x00000000a6480000)
 Metaspace       used 60513K, capacity 62762K, committed 62936K, reserved 1103872K
  class space    used 8274K, capacity 8812K, committed 8920K, reserved 1048576K
}

