# JRE version: OpenJDK Runtime Environment (8.0_212-b04) (build 1.8.0_212-release-1586-b04)
# Java VM: OpenJDK 64-Bit Server VM (25.212-b04 mixed mode windows-amd64 compressed oops)
Heap:
 PSYoungGen      total 180736K, used 95173K [0x00000000e0000000, 0x00000000ed180000, 0x0000000100000000)
  eden space 152064K, 62% used [0x00000000e0000000,0x00000000e5cf1410,0x00000000e9480000)
  from space 28672K, 0% used [0x00000000eb100000,0x00000000eb100000,0x00000000ecd00000)
  to   space 29184K, 0% used [0x00000000e9480000,0x00000000e9480000,0x00000000eb100000)
 ParOldGen       total 83968K, used 83841K [0x00000000a0000000, 0x00000000a5200000, 0x00000000e0000000)
  object space 83968K, 99% used [0x00000000a0000000,0x00000000a51e05b0,0x00000000a5200000)
 Metaspace       used 86385K, capacity 89710K, committed 89984K, reserved 1128448K
  class space    used 11155K, capacity 11808K, committed 11904K, reserved 1048576K
GC Heap History (10 events):
Event: 84.673 GC heap before
{Heap before GC invocations=26 (full 4):
 PSYoungGen      total 180736K, used 16889K [0x00000000e0000000, 0x00000000ed180000, 0x0000000100000000)
  eden space 152064K, 0% used [0x00000000e0000000,0x00000000e0000000,0x00000000e9480000)
  from space 28672K, 58% used [0x00000000eb100000,0x00000000ec17e450,0x00000000ecd00000)
  to   space 29184K, 0% used [0x00000000e9480000,0x00000000e9480000,0x00000000eb100000)
 ParOldGen       total 83968K, used 72333K [0x00000000a0000000, 0x00000000a5200000, 0x00000000e0000000)
  object space 83968K, 86% used [0x00000000a0000000,0x00000000a46a36a8,0x00000000a5200000)
 Metaspace       used 76039K, capacity 78620K, committed 78848K, reserved 1118208K
  class space    used 9847K, capacity 10447K, committed 10496K, reserved 1048576K
Event: 84.908 GC heap after
Heap after GC invocations=26 (full 4):
 PSYoungGen      total 180736K, used 0K [0x00000000e0000000, 0x00000000ed180000, 0x0000000100000000)
  eden space 152064K, 0% used [0x00000000e0000000,0x00000000e0000000,0x00000000e9480000)
  from space 28672K, 0% used [0x00000000eb100000,0x00000000eb100000,0x00000000ecd00000)
  to   space 29184K, 0% used [0x00000000e9480000,0x00000000e9480000,0x00000000eb100000)
 ParOldGen       total 83968K, used 57030K [0x00000000a0000000, 0x00000000a5200000, 0x00000000e0000000)
  object space 83968K, 67% used [0x00000000a0000000,0x00000000a37b1858,0x00000000a5200000)
 Metaspace       used 75974K, capacity 78438K, committed 78848K, reserved 1118208K
  class space    used 9827K, capacity 10410K, committed 10496K, reserved 1048576K
}
Event: 89.255 GC heap before
{Heap before GC invocations=27 (full 4):
 PSYoungGen      total 180736K, used 152064K [0x00000000e0000000, 0x00000000ed180000, 0x0000000100000000)
  eden space 152064K, 100% used [0x00000000e0000000,0x00000000e9480000,0x00000000e9480000)
  from space 28672K, 0% used [0x00000000eb100000,0x00000000eb100000,0x00000000ecd00000)
  to   space 29184K, 0% used [0x00000000e9480000,0x00000000e9480000,0x00000000eb100000)
 ParOldGen       total 83968K, used 57030K [0x00000000a0000000, 0x00000000a5200000, 0x00000000e0000000)
  object space 83968K, 67% used [0x00000000a0000000,0x00000000a37b1858,0x00000000a5200000)
 Metaspace       used 83832K, capacity 86996K, committed 87296K, reserved 1124352K
  class space    used 10828K, capacity 11467K, committed 11520K, reserved 1048576K
Event: 89.292 GC heap after
Heap after GC invocations=27 (full 4):
 PSYoungGen      total 181248K, used 29172K [0x00000000e0000000, 0x00000000ed180000, 0x0000000100000000)
  eden space 152064K, 0% used [0x00000000e0000000,0x00000000e0000000,0x00000000e9480000)
  from space 29184K, 99% used [0x00000000e9480000,0x00000000eb0fd060,0x00000000eb100000)
  to   space 28672K, 0% used [0x00000000eb100000,0x00000000eb100000,0x00000000ecd00000)
 ParOldGen       total 83968K, used 57533K [0x00000000a0000000, 0x00000000a5200000, 0x00000000e0000000)
  object space 83968K, 68% used [0x00000000a0000000,0x00000000a382f668,0x00000000a5200000)
 Metaspace       used 83832K, capacity 86996K, committed 87296K, reserved 1124352K
  class space    used 10828K, capacity 11467K, committed 11520K, reserved 1048576K
}
Event: 91.764 GC heap before
{Heap before GC invocations=28 (full 4):
 PSYoungGen      total 181248K, used 181236K [0x00000000e0000000, 0x00000000ed180000, 0x0000000100000000)
  eden space 152064K, 100% used [0x00000000e0000000,0x00000000e9480000,0x00000000e9480000)
  from space 29184K, 99% used [0x00000000e9480000,0x00000000eb0fd060,0x00000000eb100000)
  to   space 28672K, 0% used [0x00000000eb100000,0x00000000eb100000,0x00000000ecd00000)
 ParOldGen       total 83968K, used 57533K [0x00000000a0000000, 0x00000000a5200000, 0x00000000e0000000)
  object space 83968K, 68% used [0x00000000a0000000,0x00000000a382f668,0x00000000a5200000)
 Metaspace       used 85974K, capacity 89426K, committed 89728K, reserved 1126400K
  class space    used 11128K, capacity 11818K, committed 11904K, reserved 1048576K
Event: 91.856 GC heap after
Heap after GC invocations=28 (full 4):
 PSYoungGen      total 180736K, used 28654K [0x00000000e0000000, 0x00000000ed180000, 0x0000000100000000)
  eden space 152064K, 0% used [0x00000000e0000000,0x00000000e0000000,0x00000000e9480000)
  from space 28672K, 99% used [0x00000000eb100000,0x00000000eccfb808,0x00000000ecd00000)
  to   space 29184K, 0% used [0x00000000e9480000,0x00000000e9480000,0x00000000eb100000)
 ParOldGen       total 83968K, used 80390K [0x00000000a0000000, 0x00000000a5200000, 0x00000000e0000000)
  object space 83968K, 95% used [0x00000000a0000000,0x00000000a4e81ba8,0x00000000a5200000)
 Metaspace       used 85974K, capacity 89426K, committed 89728K, reserved 1126400K
  class space    used 11128K, capacity 11818K, committed 11904K, reserved 1048576K
}
Event: 91.856 GC heap before
{Heap before GC invocations=29 (full 5):
 PSYoungGen      total 180736K, used 28654K [0x00000000e0000000, 0x00000000ed180000, 0x0000000100000000)
  eden space 152064K, 0% used [0x00000000e0000000,0x00000000e0000000,0x00000000e9480000)
  from space 28672K, 99% used [0x00000000eb100000,0x00000000eccfb808,0x00000000ecd00000)
  to   space 29184K, 0% used [0x00000000e9480000,0x00000000e9480000,0x00000000eb100000)
 ParOldGen       total 83968K, used 80390K [0x00000000a0000000, 0x00000000a5200000, 0x00000000e0000000)
  object space 83968K, 95% used [0x00000000a0000000,0x00000000a4e81ba8,0x00000000a5200000)
 Metaspace       used 85974K, capacity 89426K, committed 89728K, reserved 1126400K
  class space    used 11128K, capacity 11818K, committed 11904K, reserved 1048576K
Event: 93.138 GC heap after
Heap after GC invocations=29 (full 5):
 PSYoungGen      total 180736K, used 17359K [0x00000000e0000000, 0x00000000ed180000, 0x0000000100000000)
  eden space 152064K, 0% used [0x00000000e0000000,0x00000000e0000000,0x00000000e9480000)
  from space 28672K, 60% used [0x00000000eb100000,0x00000000ec1f3c38,0x00000000ecd00000)
  to   space 29184K, 0% used [0x00000000e9480000,0x00000000e9480000,0x00000000eb100000)
 ParOldGen       total 83968K, used 83515K [0x00000000a0000000, 0x00000000a5200000, 0x00000000e0000000)
  object space 83968K, 99% used [0x00000000a0000000,0x00000000a518eea0,0x00000000a5200000)
 Metaspace       used 85919K, capacity 89280K, committed 89728K, reserved 1126400K
  class space    used 11108K, capacity 11783K, committed 11904K, reserved 1048576K
}
Event: 94.995 GC heap before
{Heap before GC invocations=30 (full 6):
 PSYoungGen      total 180736K, used 169336K [0x00000000e0000000, 0x00000000ed180000, 0x0000000100000000)
  eden space 152064K, 99% used [0x00000000e0000000,0x00000000e946a758,0x00000000e9480000)
  from space 28672K, 60% used [0x00000000eb100000,0x00000000ec1f3c38,0x00000000ecd00000)
  to   space 29184K, 0% used [0x00000000e9480000,0x00000000e9480000,0x00000000eb100000)
 ParOldGen       total 83968K, used 83515K [0x00000000a0000000, 0x00000000a5200000, 0x00000000e0000000)
  object space 83968K, 99% used [0x00000000a0000000,0x00000000a518eea0,0x00000000a5200000)
 Metaspace       used 86238K, capacity 89612K, committed 89984K, reserved 1128448K
  class space    used 11136K, capacity 11799K, committed 11904K, reserved 1048576K
Event: 95.654 GC heap after
Heap after GC invocations=30 (full 6):
 PSYoungGen      total 180736K, used 26163K [0x00000000e0000000, 0x00000000ed180000, 0x0000000100000000)
  eden space 152064K, 17% used [0x00000000e0000000,0x00000000e198ccc0,0x00000000e9480000)
  from space 28672K, 0% used [0x00000000eb100000,0x00000000eb100000,0x00000000ecd00000)
  to   space 29184K, 0% used [0x00000000e9480000,0x00000000e9480000,0x00000000eb100000)
 ParOldGen       total 83968K, used 83841K [0x00000000a0000000, 0x00000000a5200000, 0x00000000e0000000)
  object space 83968K, 99% used [0x00000000a0000000,0x00000000a51e05b0,0x00000000a5200000)
 Metaspace       used 86238K, capacity 89612K, committed 89984K, reserved 1128448K
  class space    used 11136K, capacity 11799K, committed 11904K, reserved 1048576K
}

