# JRE version: OpenJDK Runtime Environment (8.0_212-b04) (build 1.8.0_212-release-1586-b04)
# Java VM: OpenJDK 64-Bit Server VM (25.212-b04 mixed mode windows-amd64 compressed oops)
Heap:
 PSYoungGen      total 99840K, used 72225K [0x00000000e0000000, 0x00000000e8e80000, 0x0000000100000000)
  eden space 92160K, 78% used [0x00000000e0000000,0x00000000e46884d8,0x00000000e5a00000)
  from space 7680K, 0% used [0x00000000e5a00000,0x00000000e5a00000,0x00000000e6180000)
  to   space 7680K, 0% used [0x00000000e8700000,0x00000000e8700000,0x00000000e8e80000)
 ParOldGen       total 47104K, used 15499K [0x00000000a0000000, 0x00000000a2e00000, 0x00000000e0000000)
  object space 47104K, 32% used [0x00000000a0000000,0x00000000a0f22cf0,0x00000000a2e00000)
 Metaspace       used 42849K, capacity 43930K, committed 44288K, reserved 1087488K
  class space    used 5784K, capacity 6085K, committed 6144K, reserved 1048576K
GC Heap History (10 events):
Event: 8.881 GC heap before
{Heap before GC invocations=13 (full 1):
 PSYoungGen      total 52736K, used 47104K [0x00000000e0000000, 0x00000000e5500000, 0x0000000100000000)
  eden space 47104K, 100% used [0x00000000e0000000,0x00000000e2e00000,0x00000000e2e00000)
  from space 5632K, 0% used [0x00000000e2e00000,0x00000000e2e00000,0x00000000e3380000)
  to   space 5632K, 0% used [0x00000000e4f80000,0x00000000e4f80000,0x00000000e5500000)
 ParOldGen       total 31232K, used 7993K [0x00000000a0000000, 0x00000000a1e80000, 0x00000000e0000000)
  object space 31232K, 25% used [0x00000000a0000000,0x00000000a07ce638,0x00000000a1e80000)
 Metaspace       used 27464K, capacity 27920K, committed 28288K, reserved 1073152K
  class space    used 3736K, capacity 3903K, committed 3968K, reserved 1048576K
Event: 8.900 GC heap after
Heap after GC invocations=13 (full 1):
 PSYoungGen      total 72192K, used 5620K [0x00000000e0000000, 0x00000000e5500000, 0x0000000100000000)
  eden space 66560K, 0% used [0x00000000e0000000,0x00000000e0000000,0x00000000e4100000)
  from space 5632K, 99% used [0x00000000e4f80000,0x00000000e54fd1a8,0x00000000e5500000)
  to   space 6656K, 0% used [0x00000000e4800000,0x00000000e4800000,0x00000000e4e80000)
 ParOldGen       total 31232K, used 8881K [0x00000000a0000000, 0x00000000a1e80000, 0x00000000e0000000)
  object space 31232K, 28% used [0x00000000a0000000,0x00000000a08ac470,0x00000000a1e80000)
 Metaspace       used 27464K, capacity 27920K, committed 28288K, reserved 1073152K
  class space    used 3736K, capacity 3903K, committed 3968K, reserved 1048576K
}
Event: 11.048 GC heap before
{Heap before GC invocations=14 (full 1):
 PSYoungGen      total 72192K, used 72180K [0x00000000e0000000, 0x00000000e5500000, 0x0000000100000000)
  eden space 66560K, 100% used [0x00000000e0000000,0x00000000e4100000,0x00000000e4100000)
  from space 5632K, 99% used [0x00000000e4f80000,0x00000000e54fd1a8,0x00000000e5500000)
  to   space 6656K, 0% used [0x00000000e4800000,0x00000000e4800000,0x00000000e4e80000)
 ParOldGen       total 31232K, used 8881K [0x00000000a0000000, 0x00000000a1e80000, 0x00000000e0000000)
  object space 31232K, 28% used [0x00000000a0000000,0x00000000a08ac470,0x00000000a1e80000)
 Metaspace       used 31233K, capacity 31788K, committed 31872K, reserved 1077248K
  class space    used 4258K, capacity 4463K, committed 4480K, reserved 1048576K
Event: 11.067 GC heap after
Heap after GC invocations=14 (full 1):
 PSYoungGen      total 80384K, used 5044K [0x00000000e0000000, 0x00000000e6880000, 0x0000000100000000)
  eden space 73728K, 0% used [0x00000000e0000000,0x00000000e0000000,0x00000000e4800000)
  from space 6656K, 75% used [0x00000000e4800000,0x00000000e4ced3c0,0x00000000e4e80000)
  to   space 7168K, 0% used [0x00000000e6180000,0x00000000e6180000,0x00000000e6880000)
 ParOldGen       total 31232K, used 11969K [0x00000000a0000000, 0x00000000a1e80000, 0x00000000e0000000)
  object space 31232K, 38% used [0x00000000a0000000,0x00000000a0bb0490,0x00000000a1e80000)
 Metaspace       used 31233K, capacity 31788K, committed 31872K, reserved 1077248K
  class space    used 4258K, capacity 4463K, committed 4480K, reserved 1048576K
}
Event: 17.571 GC heap before
{Heap before GC invocations=15 (full 1):
 PSYoungGen      total 80384K, used 78772K [0x00000000e0000000, 0x00000000e6880000, 0x0000000100000000)
  eden space 73728K, 100% used [0x00000000e0000000,0x00000000e4800000,0x00000000e4800000)
  from space 6656K, 75% used [0x00000000e4800000,0x00000000e4ced3c0,0x00000000e4e80000)
  to   space 7168K, 0% used [0x00000000e6180000,0x00000000e6180000,0x00000000e6880000)
 ParOldGen       total 31232K, used 11969K [0x00000000a0000000, 0x00000000a1e80000, 0x00000000e0000000)
  object space 31232K, 38% used [0x00000000a0000000,0x00000000a0bb0490,0x00000000a1e80000)
 Metaspace       used 34520K, capacity 35304K, committed 35456K, reserved 1079296K
  class space    used 4732K, capacity 4957K, committed 4992K, reserved 1048576K
Event: 17.583 GC heap after
Heap after GC invocations=15 (full 1):
 PSYoungGen      total 99328K, used 6302K [0x00000000e0000000, 0x00000000e7100000, 0x0000000100000000)
  eden space 92160K, 0% used [0x00000000e0000000,0x00000000e0000000,0x00000000e5a00000)
  from space 7168K, 87% used [0x00000000e6180000,0x00000000e67a7af8,0x00000000e6880000)
  to   space 7680K, 0% used [0x00000000e5a00000,0x00000000e5a00000,0x00000000e6180000)
 ParOldGen       total 31232K, used 13818K [0x00000000a0000000, 0x00000000a1e80000, 0x00000000e0000000)
  object space 31232K, 44% used [0x00000000a0000000,0x00000000a0d7ebd0,0x00000000a1e80000)
 Metaspace       used 34520K, capacity 35304K, committed 35456K, reserved 1079296K
  class space    used 4732K, capacity 4957K, committed 4992K, reserved 1048576K
}
Event: 17.712 GC heap before
{Heap before GC invocations=16 (full 1):
 PSYoungGen      total 99328K, used 9924K [0x00000000e0000000, 0x00000000e7100000, 0x0000000100000000)
  eden space 92160K, 3% used [0x00000000e0000000,0x00000000e0389860,0x00000000e5a00000)
  from space 7168K, 87% used [0x00000000e6180000,0x00000000e67a7af8,0x00000000e6880000)
  to   space 7680K, 0% used [0x00000000e5a00000,0x00000000e5a00000,0x00000000e6180000)
 ParOldGen       total 31232K, used 13818K [0x00000000a0000000, 0x00000000a1e80000, 0x00000000e0000000)
  object space 31232K, 44% used [0x00000000a0000000,0x00000000a0d7ebd0,0x00000000a1e80000)
 Metaspace       used 34584K, capacity 35380K, committed 35456K, reserved 1079296K
  class space    used 4744K, capacity 4961K, committed 4992K, reserved 1048576K
Event: 17.717 GC heap after
Heap after GC invocations=16 (full 1):
 PSYoungGen      total 99840K, used 480K [0x00000000e0000000, 0x00000000e8e80000, 0x0000000100000000)
  eden space 92160K, 0% used [0x00000000e0000000,0x00000000e0000000,0x00000000e5a00000)
  from space 7680K, 6% used [0x00000000e5a00000,0x00000000e5a78000,0x00000000e6180000)
  to   space 7680K, 0% used [0x00000000e8700000,0x00000000e8700000,0x00000000e8e80000)
 ParOldGen       total 31232K, used 17009K [0x00000000a0000000, 0x00000000a1e80000, 0x00000000e0000000)
  object space 31232K, 54% used [0x00000000a0000000,0x00000000a109c4b0,0x00000000a1e80000)
 Metaspace       used 34584K, capacity 35380K, committed 35456K, reserved 1079296K
  class space    used 4744K, capacity 4961K, committed 4992K, reserved 1048576K
}
Event: 17.717 GC heap before
{Heap before GC invocations=17 (full 2):
 PSYoungGen      total 99840K, used 480K [0x00000000e0000000, 0x00000000e8e80000, 0x0000000100000000)
  eden space 92160K, 0% used [0x00000000e0000000,0x00000000e0000000,0x00000000e5a00000)
  from space 7680K, 6% used [0x00000000e5a00000,0x00000000e5a78000,0x00000000e6180000)
  to   space 7680K, 0% used [0x00000000e8700000,0x00000000e8700000,0x00000000e8e80000)
 ParOldGen       total 31232K, used 17009K [0x00000000a0000000, 0x00000000a1e80000, 0x00000000e0000000)
  object space 31232K, 54% used [0x00000000a0000000,0x00000000a109c4b0,0x00000000a1e80000)
 Metaspace       used 34584K, capacity 35380K, committed 35456K, reserved 1079296K
  class space    used 4744K, capacity 4961K, committed 4992K, reserved 1048576K
Event: 17.800 GC heap after
Heap after GC invocations=17 (full 2):
 PSYoungGen      total 99840K, used 0K [0x00000000e0000000, 0x00000000e8e80000, 0x0000000100000000)
  eden space 92160K, 0% used [0x00000000e0000000,0x00000000e0000000,0x00000000e5a00000)
  from space 7680K, 0% used [0x00000000e5a00000,0x00000000e5a00000,0x00000000e6180000)
  to   space 7680K, 0% used [0x00000000e8700000,0x00000000e8700000,0x00000000e8e80000)
 ParOldGen       total 47104K, used 15499K [0x00000000a0000000, 0x00000000a2e00000, 0x00000000e0000000)
  object space 47104K, 32% used [0x00000000a0000000,0x00000000a0f22cf0,0x00000000a2e00000)
 Metaspace       used 34576K, capacity 35356K, committed 35456K, reserved 1079296K
  class space    used 4742K, capacity 4957K, committed 4992K, reserved 1048576K
}

