# JRE version: OpenJDK Runtime Environment (8.0_212-b04) (build 1.8.0_212-release-1586-b04)
# Java VM: OpenJDK 64-Bit Server VM (25.212-b04 mixed mode windows-amd64 compressed oops)
Heap:
 PSYoungGen      total 258560K, used 82051K [0x00000000e0000000, 0x00000000f3700000, 0x0000000100000000)
  eden space 223232K, 25% used [0x00000000e0000000,0x00000000e36a2a08,0x00000000eda00000)
  from space 35328K, 73% used [0x00000000eda00000,0x00000000ef37e330,0x00000000efc80000)
  to   space 36352K, 0% used [0x00000000f1380000,0x00000000f1380000,0x00000000f3700000)
 ParOldGen       total 146432K, used 66481K [0x00000000a0000000, 0x00000000a8f00000, 0x00000000e0000000)
  object space 146432K, 45% used [0x00000000a0000000,0x00000000a40ec548,0x00000000a8f00000)
 Metaspace       used 119108K, capacity 124728K, committed 124928K, reserved 1157120K
  class space    used 15327K, capacity 16448K, committed 16640K, reserved 1048576K
GC Heap History (10 events):
Event: 2212.269 GC heap before
{Heap before GC invocations=31 (full 4):
 PSYoungGen      total 215040K, used 208680K [0x00000000e0000000, 0x00000000ef080000, 0x0000000100000000)
  eden space 187904K, 100% used [0x00000000e0000000,0x00000000eb780000,0x00000000eb780000)
  from space 27136K, 76% used [0x00000000ed600000,0x00000000eea4a2c0,0x00000000ef080000)
  to   space 29184K, 0% used [0x00000000eb780000,0x00000000eb780000,0x00000000ed400000)
 ParOldGen       total 146432K, used 66441K [0x00000000a0000000, 0x00000000a8f00000, 0x00000000e0000000)
  object space 146432K, 45% used [0x00000000a0000000,0x00000000a40e2548,0x00000000a8f00000)
 Metaspace       used 117336K, capacity 122448K, committed 122624K, reserved 1155072K
  class space    used 15210K, capacity 16240K, committed 16384K, reserved 1048576K
Event: 2212.334 GC heap after
Heap after GC invocations=31 (full 4):
 PSYoungGen      total 217088K, used 26481K [0x00000000e0000000, 0x00000000f0c80000, 0x0000000100000000)
  eden space 187904K, 0% used [0x00000000e0000000,0x00000000e0000000,0x00000000eb780000)
  from space 29184K, 90% used [0x00000000eb780000,0x00000000ed15c568,0x00000000ed400000)
  to   space 32256K, 0% used [0x00000000eed00000,0x00000000eed00000,0x00000000f0c80000)
 ParOldGen       total 146432K, used 66449K [0x00000000a0000000, 0x00000000a8f00000, 0x00000000e0000000)
  object space 146432K, 45% used [0x00000000a0000000,0x00000000a40e4548,0x00000000a8f00000)
 Metaspace       used 117336K, capacity 122448K, committed 122624K, reserved 1155072K
  class space    used 15210K, capacity 16240K, committed 16384K, reserved 1048576K
}
Event: 2345.525 GC heap before
{Heap before GC invocations=32 (full 4):
 PSYoungGen      total 217088K, used 214385K [0x00000000e0000000, 0x00000000f0c80000, 0x0000000100000000)
  eden space 187904K, 100% used [0x00000000e0000000,0x00000000eb780000,0x00000000eb780000)
  from space 29184K, 90% used [0x00000000eb780000,0x00000000ed15c568,0x00000000ed400000)
  to   space 32256K, 0% used [0x00000000eed00000,0x00000000eed00000,0x00000000f0c80000)
 ParOldGen       total 146432K, used 66449K [0x00000000a0000000, 0x00000000a8f00000, 0x00000000e0000000)
  object space 146432K, 45% used [0x00000000a0000000,0x00000000a40e4548,0x00000000a8f00000)
 Metaspace       used 117760K, capacity 122970K, committed 123136K, reserved 1157120K
  class space    used 15242K, capacity 16295K, committed 16384K, reserved 1048576K
Event: 2345.567 GC heap after
Heap after GC invocations=32 (full 4):
 PSYoungGen      total 232448K, used 16487K [0x00000000e0000000, 0x00000000f0600000, 0x0000000100000000)
  eden space 206848K, 0% used [0x00000000e0000000,0x00000000e0000000,0x00000000eca00000)
  from space 25600K, 64% used [0x00000000eed00000,0x00000000efd19f90,0x00000000f0600000)
  to   space 30720K, 0% used [0x00000000eca00000,0x00000000eca00000,0x00000000ee800000)
 ParOldGen       total 146432K, used 66457K [0x00000000a0000000, 0x00000000a8f00000, 0x00000000e0000000)
  object space 146432K, 45% used [0x00000000a0000000,0x00000000a40e6548,0x00000000a8f00000)
 Metaspace       used 117760K, capacity 122970K, committed 123136K, reserved 1157120K
  class space    used 15242K, capacity 16295K, committed 16384K, reserved 1048576K
}
Event: 2366.670 GC heap before
{Heap before GC invocations=33 (full 4):
 PSYoungGen      total 232448K, used 223335K [0x00000000e0000000, 0x00000000f0600000, 0x0000000100000000)
  eden space 206848K, 100% used [0x00000000e0000000,0x00000000eca00000,0x00000000eca00000)
  from space 25600K, 64% used [0x00000000eed00000,0x00000000efd19f90,0x00000000f0600000)
  to   space 30720K, 0% used [0x00000000eca00000,0x00000000eca00000,0x00000000ee800000)
 ParOldGen       total 146432K, used 66457K [0x00000000a0000000, 0x00000000a8f00000, 0x00000000e0000000)
  object space 146432K, 45% used [0x00000000a0000000,0x00000000a40e6548,0x00000000a8f00000)
 Metaspace       used 118287K, capacity 123774K, committed 124032K, reserved 1157120K
  class space    used 15298K, capacity 16401K, committed 16512K, reserved 1048576K
Event: 2366.711 GC heap after
Heap after GC invocations=33 (full 4):
 PSYoungGen      total 237568K, used 25137K [0x00000000e0000000, 0x00000000f1c80000, 0x0000000100000000)
  eden space 206848K, 0% used [0x00000000e0000000,0x00000000e0000000,0x00000000eca00000)
  from space 30720K, 81% used [0x00000000eca00000,0x00000000ee28c578,0x00000000ee800000)
  to   space 32768K, 0% used [0x00000000efc80000,0x00000000efc80000,0x00000000f1c80000)
 ParOldGen       total 146432K, used 66465K [0x00000000a0000000, 0x00000000a8f00000, 0x00000000e0000000)
  object space 146432K, 45% used [0x00000000a0000000,0x00000000a40e8548,0x00000000a8f00000)
 Metaspace       used 118287K, capacity 123774K, committed 124032K, reserved 1157120K
  class space    used 15298K, capacity 16401K, committed 16512K, reserved 1048576K
}
Event: 2374.888 GC heap before
{Heap before GC invocations=34 (full 4):
 PSYoungGen      total 237568K, used 231852K [0x00000000e0000000, 0x00000000f1c80000, 0x0000000100000000)
  eden space 206848K, 99% used [0x00000000e0000000,0x00000000ec9dead0,0x00000000eca00000)
  from space 30720K, 81% used [0x00000000eca00000,0x00000000ee28c578,0x00000000ee800000)
  to   space 32768K, 0% used [0x00000000efc80000,0x00000000efc80000,0x00000000f1c80000)
 ParOldGen       total 146432K, used 66465K [0x00000000a0000000, 0x00000000a8f00000, 0x00000000e0000000)
  object space 146432K, 45% used [0x00000000a0000000,0x00000000a40e8548,0x00000000a8f00000)
 Metaspace       used 118710K, capacity 124182K, committed 124544K, reserved 1157120K
  class space    used 15303K, capacity 16403K, committed 16512K, reserved 1048576K
Event: 2374.982 GC heap after
Heap after GC invocations=34 (full 4):
 PSYoungGen      total 256000K, used 27441K [0x00000000e0000000, 0x00000000f2700000, 0x0000000100000000)
  eden space 223232K, 0% used [0x00000000e0000000,0x00000000e0000000,0x00000000eda00000)
  from space 32768K, 83% used [0x00000000efc80000,0x00000000f174c568,0x00000000f1c80000)
  to   space 35328K, 0% used [0x00000000eda00000,0x00000000eda00000,0x00000000efc80000)
 ParOldGen       total 146432K, used 66473K [0x00000000a0000000, 0x00000000a8f00000, 0x00000000e0000000)
  object space 146432K, 45% used [0x00000000a0000000,0x00000000a40ea548,0x00000000a8f00000)
 Metaspace       used 118710K, capacity 124182K, committed 124544K, reserved 1157120K
  class space    used 15303K, capacity 16403K, committed 16512K, reserved 1048576K
}
Event: 2495.109 GC heap before
{Heap before GC invocations=35 (full 4):
 PSYoungGen      total 256000K, used 250673K [0x00000000e0000000, 0x00000000f2700000, 0x0000000100000000)
  eden space 223232K, 100% used [0x00000000e0000000,0x00000000eda00000,0x00000000eda00000)
  from space 32768K, 83% used [0x00000000efc80000,0x00000000f174c568,0x00000000f1c80000)
  to   space 35328K, 0% used [0x00000000eda00000,0x00000000eda00000,0x00000000efc80000)
 ParOldGen       total 146432K, used 66473K [0x00000000a0000000, 0x00000000a8f00000, 0x00000000e0000000)
  object space 146432K, 45% used [0x00000000a0000000,0x00000000a40ea548,0x00000000a8f00000)
 Metaspace       used 119048K, capacity 124634K, committed 124800K, reserved 1157120K
  class space    used 15324K, capacity 16443K, committed 16512K, reserved 1048576K
Event: 2495.157 GC heap after
Heap after GC invocations=35 (full 4):
 PSYoungGen      total 258560K, used 26104K [0x00000000e0000000, 0x00000000f3700000, 0x0000000100000000)
  eden space 223232K, 0% used [0x00000000e0000000,0x00000000e0000000,0x00000000eda00000)
  from space 35328K, 73% used [0x00000000eda00000,0x00000000ef37e330,0x00000000efc80000)
  to   space 36352K, 0% used [0x00000000f1380000,0x00000000f1380000,0x00000000f3700000)
 ParOldGen       total 146432K, used 66481K [0x00000000a0000000, 0x00000000a8f00000, 0x00000000e0000000)
  object space 146432K, 45% used [0x00000000a0000000,0x00000000a40ec548,0x00000000a8f00000)
 Metaspace       used 119048K, capacity 124634K, committed 124800K, reserved 1157120K
  class space    used 15324K, capacity 16443K, committed 16512K, reserved 1048576K
}

