# JRE version: OpenJDK Runtime Environment (8.0_212-b04) (build 1.8.0_212-release-1586-b04)
# Java VM: OpenJDK 64-Bit Server VM (25.212-b04 mixed mode windows-amd64 compressed oops)
Heap:
 PSYoungGen      total 35328K, used 15395K [0x00000000e0000000, 0x00000000e2a00000, 0x0000000100000000)
  eden space 29696K, 35% used [0x00000000e0000000,0x00000000e0a34038,0x00000000e1d00000)
  from space 5632K, 87% used [0x00000000e2480000,0x00000000e2954d20,0x00000000e2a00000)
  to   space 5632K, 0% used [0x00000000e1d00000,0x00000000e1d00000,0x00000000e2280000)
 ParOldGen       total 42496K, used 4934K [0x00000000a0000000, 0x00000000a2980000, 0x00000000e0000000)
  object space 42496K, 11% used [0x00000000a0000000,0x00000000a04d1850,0x00000000a2980000)
 Metaspace       used 16784K, capacity 17246K, committed 17536K, reserved 1064960K
  class space    used 2382K, capacity 2563K, committed 2688K, reserved 1048576K
GC Heap History (10 events):
Event: 2.050 GC heap before
{Heap before GC invocations=4 (full 0):
 PSYoungGen      total 18432K, used 17920K [0x00000000e0000000, 0x00000000e1480000, 0x0000000100000000)
  eden space 15872K, 100% used [0x00000000e0000000,0x00000000e0f80000,0x00000000e0f80000)
  from space 2560K, 80% used [0x00000000e0f80000,0x00000000e1180020,0x00000000e1200000)
  to   space 2560K, 0% used [0x00000000e1200000,0x00000000e1200000,0x00000000e1480000)
 ParOldGen       total 42496K, used 572K [0x00000000a0000000, 0x00000000a2980000, 0x00000000e0000000)
  object space 42496K, 1% used [0x00000000a0000000,0x00000000a008f1e0,0x00000000a2980000)
 Metaspace       used 6946K, capacity 7192K, committed 7424K, reserved 1056768K
  class space    used 851K, capacity 916K, committed 1024K, reserved 1048576K
Event: 2.054 GC heap after
Heap after GC invocations=4 (full 0):
 PSYoungGen      total 18432K, used 2528K [0x00000000e0000000, 0x00000000e1480000, 0x0000000100000000)
  eden space 15872K, 0% used [0x00000000e0000000,0x00000000e0000000,0x00000000e0f80000)
  from space 2560K, 98% used [0x00000000e1200000,0x00000000e1478020,0x00000000e1480000)
  to   space 2560K, 0% used [0x00000000e0f80000,0x00000000e0f80000,0x00000000e1200000)
 ParOldGen       total 42496K, used 1092K [0x00000000a0000000, 0x00000000a2980000, 0x00000000e0000000)
  object space 42496K, 2% used [0x00000000a0000000,0x00000000a0111200,0x00000000a2980000)
 Metaspace       used 6946K, capacity 7192K, committed 7424K, reserved 1056768K
  class space    used 851K, capacity 916K, committed 1024K, reserved 1048576K
}
Event: 2.260 GC heap before
{Heap before GC invocations=5 (full 0):
 PSYoungGen      total 18432K, used 18400K [0x00000000e0000000, 0x00000000e1480000, 0x0000000100000000)
  eden space 15872K, 100% used [0x00000000e0000000,0x00000000e0f80000,0x00000000e0f80000)
  from space 2560K, 98% used [0x00000000e1200000,0x00000000e1478020,0x00000000e1480000)
  to   space 2560K, 0% used [0x00000000e0f80000,0x00000000e0f80000,0x00000000e1200000)
 ParOldGen       total 42496K, used 1092K [0x00000000a0000000, 0x00000000a2980000, 0x00000000e0000000)
  object space 42496K, 2% used [0x00000000a0000000,0x00000000a0111200,0x00000000a2980000)
 Metaspace       used 8987K, capacity 9228K, committed 9472K, reserved 1056768K
  class space    used 1162K, capacity 1262K, committed 1280K, reserved 1048576K
Event: 2.264 GC heap after
Heap after GC invocations=5 (full 0):
 PSYoungGen      total 18432K, used 2544K [0x00000000e0000000, 0x00000000e2800000, 0x0000000100000000)
  eden space 15872K, 0% used [0x00000000e0000000,0x00000000e0000000,0x00000000e0f80000)
  from space 2560K, 99% used [0x00000000e0f80000,0x00000000e11fc010,0x00000000e1200000)
  to   space 4608K, 0% used [0x00000000e2380000,0x00000000e2380000,0x00000000e2800000)
 ParOldGen       total 42496K, used 2650K [0x00000000a0000000, 0x00000000a2980000, 0x00000000e0000000)
  object space 42496K, 6% used [0x00000000a0000000,0x00000000a0296a98,0x00000000a2980000)
 Metaspace       used 8987K, capacity 9228K, committed 9472K, reserved 1056768K
  class space    used 1162K, capacity 1262K, committed 1280K, reserved 1048576K
}
Event: 3.843 GC heap before
{Heap before GC invocations=6 (full 0):
 PSYoungGen      total 18432K, used 18416K [0x00000000e0000000, 0x00000000e2800000, 0x0000000100000000)
  eden space 15872K, 100% used [0x00000000e0000000,0x00000000e0f80000,0x00000000e0f80000)
  from space 2560K, 99% used [0x00000000e0f80000,0x00000000e11fc010,0x00000000e1200000)
  to   space 4608K, 0% used [0x00000000e2380000,0x00000000e2380000,0x00000000e2800000)
 ParOldGen       total 42496K, used 2650K [0x00000000a0000000, 0x00000000a2980000, 0x00000000e0000000)
  object space 42496K, 6% used [0x00000000a0000000,0x00000000a0296a98,0x00000000a2980000)
 Metaspace       used 12287K, capacity 12746K, committed 12928K, reserved 1060864K
  class space    used 1644K, capacity 1803K, committed 1920K, reserved 1048576K
Event: 3.850 GC heap after
Heap after GC invocations=6 (full 0):
 PSYoungGen      total 20480K, used 4608K [0x00000000e0000000, 0x00000000e2800000, 0x0000000100000000)
  eden space 15872K, 0% used [0x00000000e0000000,0x00000000e0000000,0x00000000e0f80000)
  from space 4608K, 100% used [0x00000000e2380000,0x00000000e2800000,0x00000000e2800000)
  to   space 5632K, 0% used [0x00000000e1d00000,0x00000000e1d00000,0x00000000e2280000)
 ParOldGen       total 42496K, used 2929K [0x00000000a0000000, 0x00000000a2980000, 0x00000000e0000000)
  object space 42496K, 6% used [0x00000000a0000000,0x00000000a02dc7f0,0x00000000a2980000)
 Metaspace       used 12287K, capacity 12746K, committed 12928K, reserved 1060864K
  class space    used 1644K, capacity 1803K, committed 1920K, reserved 1048576K
}
Event: 4.014 GC heap before
{Heap before GC invocations=7 (full 0):
 PSYoungGen      total 20480K, used 20480K [0x00000000e0000000, 0x00000000e2800000, 0x0000000100000000)
  eden space 15872K, 100% used [0x00000000e0000000,0x00000000e0f80000,0x00000000e0f80000)
  from space 4608K, 100% used [0x00000000e2380000,0x00000000e2800000,0x00000000e2800000)
  to   space 5632K, 0% used [0x00000000e1d00000,0x00000000e1d00000,0x00000000e2280000)
 ParOldGen       total 42496K, used 2929K [0x00000000a0000000, 0x00000000a2980000, 0x00000000e0000000)
  object space 42496K, 6% used [0x00000000a0000000,0x00000000a02dc7f0,0x00000000a2980000)
 Metaspace       used 13451K, capacity 13840K, committed 14080K, reserved 1060864K
  class space    used 1847K, capacity 1998K, committed 2048K, reserved 1048576K
Event: 4.021 GC heap after
Heap after GC invocations=7 (full 0):
 PSYoungGen      total 35328K, used 3758K [0x00000000e0000000, 0x00000000e2a00000, 0x0000000100000000)
  eden space 29696K, 0% used [0x00000000e0000000,0x00000000e0000000,0x00000000e1d00000)
  from space 5632K, 66% used [0x00000000e1d00000,0x00000000e20abab8,0x00000000e2280000)
  to   space 5632K, 0% used [0x00000000e2480000,0x00000000e2480000,0x00000000e2a00000)
 ParOldGen       total 42496K, used 4310K [0x00000000a0000000, 0x00000000a2980000, 0x00000000e0000000)
  object space 42496K, 10% used [0x00000000a0000000,0x00000000a0435850,0x00000000a2980000)
 Metaspace       used 13451K, capacity 13840K, committed 14080K, reserved 1060864K
  class space    used 1847K, capacity 1998K, committed 2048K, reserved 1048576K
}
Event: 4.727 GC heap before
{Heap before GC invocations=8 (full 0):
 PSYoungGen      total 35328K, used 33454K [0x00000000e0000000, 0x00000000e2a00000, 0x0000000100000000)
  eden space 29696K, 100% used [0x00000000e0000000,0x00000000e1d00000,0x00000000e1d00000)
  from space 5632K, 66% used [0x00000000e1d00000,0x00000000e20abab8,0x00000000e2280000)
  to   space 5632K, 0% used [0x00000000e2480000,0x00000000e2480000,0x00000000e2a00000)
 ParOldGen       total 42496K, used 4310K [0x00000000a0000000, 0x00000000a2980000, 0x00000000e0000000)
  object space 42496K, 10% used [0x00000000a0000000,0x00000000a0435850,0x00000000a2980000)
 Metaspace       used 15819K, capacity 16254K, committed 16512K, reserved 1062912K
  class space    used 2238K, capacity 2403K, committed 2432K, reserved 1048576K
Event: 4.754 GC heap after
Heap after GC invocations=8 (full 0):
 PSYoungGen      total 35328K, used 4947K [0x00000000e0000000, 0x00000000e2a00000, 0x0000000100000000)
  eden space 29696K, 0% used [0x00000000e0000000,0x00000000e0000000,0x00000000e1d00000)
  from space 5632K, 87% used [0x00000000e2480000,0x00000000e2954d20,0x00000000e2a00000)
  to   space 5632K, 0% used [0x00000000e1d00000,0x00000000e1d00000,0x00000000e2280000)
 ParOldGen       total 42496K, used 4934K [0x00000000a0000000, 0x00000000a2980000, 0x00000000e0000000)
  object space 42496K, 11% used [0x00000000a0000000,0x00000000a04d1850,0x00000000a2980000)
 Metaspace       used 15819K, capacity 16254K, committed 16512K, reserved 1062912K
  class space    used 2238K, capacity 2403K, committed 2432K, reserved 1048576K
}

