# JRE version: OpenJDK Runtime Environment (8.0_212-b04) (build 1.8.0_212-release-1586-b04)
# Java VM: OpenJDK 64-Bit Server VM (25.212-b04 mixed mode windows-amd64 compressed oops)
Heap:
 PSYoungGen      total 19456K, used 13699K [0x00000000e0000000, 0x00000000e1a80000, 0x0000000100000000)
  eden space 14848K, 67% used [0x00000000e0000000,0x00000000e09daf68,0x00000000e0e80000)
  from space 4608K, 78% used [0x00000000e1400000,0x00000000e1785fb8,0x00000000e1880000)
  to   space 5632K, 0% used [0x00000000e0e80000,0x00000000e0e80000,0x00000000e1400000)
 ParOldGen       total 42496K, used 4873K [0x00000000a0000000, 0x00000000a2980000, 0x00000000e0000000)
  object space 42496K, 11% used [0x00000000a0000000,0x00000000a04c2698,0x00000000a2980000)
 Metaspace       used 14910K, capacity 15290K, committed 15616K, reserved 1062912K
  class space    used 2103K, capacity 2215K, committed 2304K, reserved 1048576K
GC Heap History (10 events):
Event: 2.139 GC heap before
{Heap before GC invocations=4 (full 0):
 PSYoungGen      total 18432K, used 17888K [0x00000000e0000000, 0x00000000e1480000, 0x0000000100000000)
  eden space 15872K, 100% used [0x00000000e0000000,0x00000000e0f80000,0x00000000e0f80000)
  from space 2560K, 78% used [0x00000000e0f80000,0x00000000e1178000,0x00000000e1200000)
  to   space 2560K, 0% used [0x00000000e1200000,0x00000000e1200000,0x00000000e1480000)
 ParOldGen       total 42496K, used 580K [0x00000000a0000000, 0x00000000a2980000, 0x00000000e0000000)
  object space 42496K, 1% used [0x00000000a0000000,0x00000000a00911e0,0x00000000a2980000)
 Metaspace       used 6951K, capacity 7192K, committed 7424K, reserved 1056768K
  class space    used 851K, capacity 916K, committed 1024K, reserved 1048576K
Event: 2.143 GC heap after
Heap after GC invocations=4 (full 0):
 PSYoungGen      total 18432K, used 2528K [0x00000000e0000000, 0x00000000e1480000, 0x0000000100000000)
  eden space 15872K, 0% used [0x00000000e0000000,0x00000000e0000000,0x00000000e0f80000)
  from space 2560K, 98% used [0x00000000e1200000,0x00000000e1478020,0x00000000e1480000)
  to   space 2560K, 0% used [0x00000000e0f80000,0x00000000e0f80000,0x00000000e1200000)
 ParOldGen       total 42496K, used 1093K [0x00000000a0000000, 0x00000000a2980000, 0x00000000e0000000)
  object space 42496K, 2% used [0x00000000a0000000,0x00000000a01115d0,0x00000000a2980000)
 Metaspace       used 6951K, capacity 7192K, committed 7424K, reserved 1056768K
  class space    used 851K, capacity 916K, committed 1024K, reserved 1048576K
}
Event: 2.418 GC heap before
{Heap before GC invocations=5 (full 0):
 PSYoungGen      total 18432K, used 18400K [0x00000000e0000000, 0x00000000e1480000, 0x0000000100000000)
  eden space 15872K, 100% used [0x00000000e0000000,0x00000000e0f80000,0x00000000e0f80000)
  from space 2560K, 98% used [0x00000000e1200000,0x00000000e1478020,0x00000000e1480000)
  to   space 2560K, 0% used [0x00000000e0f80000,0x00000000e0f80000,0x00000000e1200000)
 ParOldGen       total 42496K, used 1093K [0x00000000a0000000, 0x00000000a2980000, 0x00000000e0000000)
  object space 42496K, 2% used [0x00000000a0000000,0x00000000a01115d0,0x00000000a2980000)
 Metaspace       used 8977K, capacity 9218K, committed 9472K, reserved 1056768K
  class space    used 1159K, capacity 1257K, committed 1280K, reserved 1048576K
Event: 2.423 GC heap after
Heap after GC invocations=5 (full 0):
 PSYoungGen      total 18432K, used 2528K [0x00000000e0000000, 0x00000000e1880000, 0x0000000100000000)
  eden space 15872K, 0% used [0x00000000e0000000,0x00000000e0000000,0x00000000e0f80000)
  from space 2560K, 98% used [0x00000000e0f80000,0x00000000e11f8020,0x00000000e1200000)
  to   space 4608K, 0% used [0x00000000e1400000,0x00000000e1400000,0x00000000e1880000)
 ParOldGen       total 42496K, used 2663K [0x00000000a0000000, 0x00000000a2980000, 0x00000000e0000000)
  object space 42496K, 6% used [0x00000000a0000000,0x00000000a0299ff0,0x00000000a2980000)
 Metaspace       used 8977K, capacity 9218K, committed 9472K, reserved 1056768K
  class space    used 1159K, capacity 1257K, committed 1280K, reserved 1048576K
}
Event: 3.945 GC heap before
{Heap before GC invocations=6 (full 0):
 PSYoungGen      total 18432K, used 18400K [0x00000000e0000000, 0x00000000e1880000, 0x0000000100000000)
  eden space 15872K, 100% used [0x00000000e0000000,0x00000000e0f80000,0x00000000e0f80000)
  from space 2560K, 98% used [0x00000000e0f80000,0x00000000e11f8020,0x00000000e1200000)
  to   space 4608K, 0% used [0x00000000e1400000,0x00000000e1400000,0x00000000e1880000)
 ParOldGen       total 42496K, used 2663K [0x00000000a0000000, 0x00000000a2980000, 0x00000000e0000000)
  object space 42496K, 6% used [0x00000000a0000000,0x00000000a0299ff0,0x00000000a2980000)
 Metaspace       used 12248K, capacity 12686K, committed 12928K, reserved 1060864K
  class space    used 1637K, capacity 1793K, committed 1920K, reserved 1048576K
Event: 3.951 GC heap after
Heap after GC invocations=6 (full 0):
 PSYoungGen      total 19456K, used 4592K [0x00000000e0000000, 0x00000000e1a80000, 0x0000000100000000)
  eden space 14848K, 0% used [0x00000000e0000000,0x00000000e0000000,0x00000000e0e80000)
  from space 4608K, 99% used [0x00000000e1400000,0x00000000e187c010,0x00000000e1880000)
  to   space 5632K, 0% used [0x00000000e0e80000,0x00000000e0e80000,0x00000000e1400000)
 ParOldGen       total 42496K, used 2905K [0x00000000a0000000, 0x00000000a2980000, 0x00000000e0000000)
  object space 42496K, 6% used [0x00000000a0000000,0x00000000a02d6648,0x00000000a2980000)
 Metaspace       used 12248K, capacity 12686K, committed 12928K, reserved 1060864K
  class space    used 1637K, capacity 1793K, committed 1920K, reserved 1048576K
}
Event: 4.155 GC heap before
{Heap before GC invocations=7 (full 0):
 PSYoungGen      total 19456K, used 19440K [0x00000000e0000000, 0x00000000e1a80000, 0x0000000100000000)
  eden space 14848K, 100% used [0x00000000e0000000,0x00000000e0e80000,0x00000000e0e80000)
  from space 4608K, 99% used [0x00000000e1400000,0x00000000e187c010,0x00000000e1880000)
  to   space 5632K, 0% used [0x00000000e0e80000,0x00000000e0e80000,0x00000000e1400000)
 ParOldGen       total 42496K, used 2905K [0x00000000a0000000, 0x00000000a2980000, 0x00000000e0000000)
  object space 42496K, 6% used [0x00000000a0000000,0x00000000a02d6648,0x00000000a2980000)
 Metaspace       used 13325K, capacity 13684K, committed 13824K, reserved 1060864K
  class space    used 1822K, capacity 1956K, committed 2048K, reserved 1048576K
Event: 4.162 GC heap after
Heap after GC invocations=7 (full 0):
 PSYoungGen      total 20480K, used 3585K [0x00000000e0000000, 0x00000000e1a80000, 0x0000000100000000)
  eden space 14848K, 0% used [0x00000000e0000000,0x00000000e0000000,0x00000000e0e80000)
  from space 5632K, 63% used [0x00000000e0e80000,0x00000000e1200618,0x00000000e1400000)
  to   space 4608K, 0% used [0x00000000e1400000,0x00000000e1400000,0x00000000e1880000)
 ParOldGen       total 42496K, used 4281K [0x00000000a0000000, 0x00000000a2980000, 0x00000000e0000000)
  object space 42496K, 10% used [0x00000000a0000000,0x00000000a042e698,0x00000000a2980000)
 Metaspace       used 13325K, capacity 13684K, committed 13824K, reserved 1060864K
  class space    used 1822K, capacity 1956K, committed 2048K, reserved 1048576K
}
Event: 4.344 GC heap before
{Heap before GC invocations=8 (full 0):
 PSYoungGen      total 20480K, used 18433K [0x00000000e0000000, 0x00000000e1a80000, 0x0000000100000000)
  eden space 14848K, 100% used [0x00000000e0000000,0x00000000e0e80000,0x00000000e0e80000)
  from space 5632K, 63% used [0x00000000e0e80000,0x00000000e1200618,0x00000000e1400000)
  to   space 4608K, 0% used [0x00000000e1400000,0x00000000e1400000,0x00000000e1880000)
 ParOldGen       total 42496K, used 4281K [0x00000000a0000000, 0x00000000a2980000, 0x00000000e0000000)
  object space 42496K, 10% used [0x00000000a0000000,0x00000000a042e698,0x00000000a2980000)
 Metaspace       used 14516K, capacity 14902K, committed 15232K, reserved 1062912K
  class space    used 2019K, capacity 2149K, committed 2176K, reserved 1048576K
Event: 4.348 GC heap after
Heap after GC invocations=8 (full 0):
 PSYoungGen      total 19456K, used 3607K [0x00000000e0000000, 0x00000000e1a80000, 0x0000000100000000)
  eden space 14848K, 0% used [0x00000000e0000000,0x00000000e0000000,0x00000000e0e80000)
  from space 4608K, 78% used [0x00000000e1400000,0x00000000e1785fb8,0x00000000e1880000)
  to   space 5632K, 0% used [0x00000000e0e80000,0x00000000e0e80000,0x00000000e1400000)
 ParOldGen       total 42496K, used 4873K [0x00000000a0000000, 0x00000000a2980000, 0x00000000e0000000)
  object space 42496K, 11% used [0x00000000a0000000,0x00000000a04c2698,0x00000000a2980000)
 Metaspace       used 14516K, capacity 14902K, committed 15232K, reserved 1062912K
  class space    used 2019K, capacity 2149K, committed 2176K, reserved 1048576K
}

