# JRE version: OpenJDK Runtime Environment (8.0_212-b04) (build 1.8.0_212-release-1586-b04)
# Java VM: OpenJDK 64-Bit Server VM (25.212-b04 mixed mode windows-amd64 compressed oops)
Heap:
 PSYoungGen      total 29184K, used 9368K [0x00000000e0000000, 0x00000000e2700000, 0x0000000100000000)
  eden space 24064K, 28% used [0x00000000e0000000,0x00000000e0695830,0x00000000e1780000)
  from space 5120K, 51% used [0x00000000e1780000,0x00000000e1a10af0,0x00000000e1c80000)
  to   space 5120K, 0% used [0x00000000e2200000,0x00000000e2200000,0x00000000e2700000)
 ParOldGen       total 35840K, used 11435K [0x00000000a0000000, 0x00000000a2300000, 0x00000000e0000000)
  object space 35840K, 31% used [0x00000000a0000000,0x00000000a0b2afa8,0x00000000a2300000)
 Metaspace       used 31436K, capacity 31996K, committed 32256K, reserved 1077248K
  class space    used 4294K, capacity 4495K, committed 4608K, reserved 1048576K
GC Heap History (10 events):
Event: 11.682 GC heap before
{Heap before GC invocations=16 (full 1):
 PSYoungGen      total 20992K, used 18813K [0x00000000e0000000, 0x00000000e1d80000, 0x0000000100000000)
  eden space 15360K, 100% used [0x00000000e0000000,0x00000000e0f00000,0x00000000e0f00000)
  from space 5632K, 61% used [0x00000000e1480000,0x00000000e17df6e0,0x00000000e1a00000)
  to   space 5632K, 0% used [0x00000000e0f00000,0x00000000e0f00000,0x00000000e1480000)
 ParOldGen       total 35840K, used 7871K [0x00000000a0000000, 0x00000000a2300000, 0x00000000e0000000)
  object space 35840K, 21% used [0x00000000a0000000,0x00000000a07aff78,0x00000000a2300000)
 Metaspace       used 26259K, capacity 26784K, committed 27136K, reserved 1073152K
  class space    used 3538K, capacity 3743K, committed 3840K, reserved 1048576K
Event: 11.686 GC heap after
Heap after GC invocations=16 (full 1):
 PSYoungGen      total 20992K, used 3286K [0x00000000e0000000, 0x00000000e1e00000, 0x0000000100000000)
  eden space 15360K, 0% used [0x00000000e0000000,0x00000000e0000000,0x00000000e0f00000)
  from space 5632K, 58% used [0x00000000e0f00000,0x00000000e1235978,0x00000000e1480000)
  to   space 5632K, 0% used [0x00000000e1880000,0x00000000e1880000,0x00000000e1e00000)
 ParOldGen       total 35840K, used 7879K [0x00000000a0000000, 0x00000000a2300000, 0x00000000e0000000)
  object space 35840K, 21% used [0x00000000a0000000,0x00000000a07b1f78,0x00000000a2300000)
 Metaspace       used 26259K, capacity 26784K, committed 27136K, reserved 1073152K
  class space    used 3538K, capacity 3743K, committed 3840K, reserved 1048576K
}
Event: 11.989 GC heap before
{Heap before GC invocations=17 (full 1):
 PSYoungGen      total 20992K, used 18646K [0x00000000e0000000, 0x00000000e1e00000, 0x0000000100000000)
  eden space 15360K, 100% used [0x00000000e0000000,0x00000000e0f00000,0x00000000e0f00000)
  from space 5632K, 58% used [0x00000000e0f00000,0x00000000e1235978,0x00000000e1480000)
  to   space 5632K, 0% used [0x00000000e1880000,0x00000000e1880000,0x00000000e1e00000)
 ParOldGen       total 35840K, used 7879K [0x00000000a0000000, 0x00000000a2300000, 0x00000000e0000000)
  object space 35840K, 21% used [0x00000000a0000000,0x00000000a07b1f78,0x00000000a2300000)
 Metaspace       used 27358K, capacity 27840K, committed 28032K, reserved 1073152K
  class space    used 3723K, capacity 3903K, committed 3968K, reserved 1048576K
Event: 11.994 GC heap after
Heap after GC invocations=17 (full 1):
 PSYoungGen      total 25088K, used 4240K [0x00000000e0000000, 0x00000000e1e80000, 0x0000000100000000)
  eden space 19456K, 0% used [0x00000000e0000000,0x00000000e0000000,0x00000000e1300000)
  from space 5632K, 75% used [0x00000000e1880000,0x00000000e1ca4098,0x00000000e1e00000)
  to   space 5632K, 0% used [0x00000000e1300000,0x00000000e1300000,0x00000000e1880000)
 ParOldGen       total 35840K, used 7887K [0x00000000a0000000, 0x00000000a2300000, 0x00000000e0000000)
  object space 35840K, 22% used [0x00000000a0000000,0x00000000a07b3f78,0x00000000a2300000)
 Metaspace       used 27358K, capacity 27840K, committed 28032K, reserved 1073152K
  class space    used 3723K, capacity 3903K, committed 3968K, reserved 1048576K
}
Event: 12.554 GC heap before
{Heap before GC invocations=18 (full 1):
 PSYoungGen      total 25088K, used 23696K [0x00000000e0000000, 0x00000000e1e80000, 0x0000000100000000)
  eden space 19456K, 100% used [0x00000000e0000000,0x00000000e1300000,0x00000000e1300000)
  from space 5632K, 75% used [0x00000000e1880000,0x00000000e1ca4098,0x00000000e1e00000)
  to   space 5632K, 0% used [0x00000000e1300000,0x00000000e1300000,0x00000000e1880000)
 ParOldGen       total 35840K, used 7887K [0x00000000a0000000, 0x00000000a2300000, 0x00000000e0000000)
  object space 35840K, 22% used [0x00000000a0000000,0x00000000a07b3f78,0x00000000a2300000)
 Metaspace       used 29121K, capacity 29662K, committed 30080K, reserved 1075200K
  class space    used 3926K, capacity 4101K, committed 4224K, reserved 1048576K
Event: 12.562 GC heap after
Heap after GC invocations=18 (full 1):
 PSYoungGen      total 25088K, used 2831K [0x00000000e0000000, 0x00000000e2200000, 0x0000000100000000)
  eden space 19456K, 0% used [0x00000000e0000000,0x00000000e0000000,0x00000000e1300000)
  from space 5632K, 50% used [0x00000000e1300000,0x00000000e15c3ce8,0x00000000e1880000)
  to   space 5632K, 0% used [0x00000000e1c80000,0x00000000e1c80000,0x00000000e2200000)
 ParOldGen       total 35840K, used 9759K [0x00000000a0000000, 0x00000000a2300000, 0x00000000e0000000)
  object space 35840K, 27% used [0x00000000a0000000,0x00000000a0987f98,0x00000000a2300000)
 Metaspace       used 29121K, capacity 29662K, committed 30080K, reserved 1075200K
  class space    used 3926K, capacity 4101K, committed 4224K, reserved 1048576K
}
Event: 12.855 GC heap before
{Heap before GC invocations=19 (full 1):
 PSYoungGen      total 25088K, used 22287K [0x00000000e0000000, 0x00000000e2200000, 0x0000000100000000)
  eden space 19456K, 100% used [0x00000000e0000000,0x00000000e1300000,0x00000000e1300000)
  from space 5632K, 50% used [0x00000000e1300000,0x00000000e15c3ce8,0x00000000e1880000)
  to   space 5632K, 0% used [0x00000000e1c80000,0x00000000e1c80000,0x00000000e2200000)
 ParOldGen       total 35840K, used 9759K [0x00000000a0000000, 0x00000000a2300000, 0x00000000e0000000)
  object space 35840K, 27% used [0x00000000a0000000,0x00000000a0987f98,0x00000000a2300000)
 Metaspace       used 29880K, capacity 30518K, committed 30720K, reserved 1075200K
  class space    used 4026K, capacity 4237K, committed 4352K, reserved 1048576K
Event: 12.860 GC heap after
Heap after GC invocations=19 (full 1):
 PSYoungGen      total 29184K, used 2456K [0x00000000e0000000, 0x00000000e2180000, 0x0000000100000000)
  eden space 24064K, 0% used [0x00000000e0000000,0x00000000e0000000,0x00000000e1780000)
  from space 5120K, 47% used [0x00000000e1c80000,0x00000000e1ee6320,0x00000000e2180000)
  to   space 5120K, 0% used [0x00000000e1780000,0x00000000e1780000,0x00000000e1c80000)
 ParOldGen       total 35840K, used 10623K [0x00000000a0000000, 0x00000000a2300000, 0x00000000e0000000)
  object space 35840K, 29% used [0x00000000a0000000,0x00000000a0a5ff98,0x00000000a2300000)
 Metaspace       used 29880K, capacity 30518K, committed 30720K, reserved 1075200K
  class space    used 4026K, capacity 4237K, committed 4352K, reserved 1048576K
}
Event: 13.314 GC heap before
{Heap before GC invocations=20 (full 1):
 PSYoungGen      total 29184K, used 26520K [0x00000000e0000000, 0x00000000e2180000, 0x0000000100000000)
  eden space 24064K, 100% used [0x00000000e0000000,0x00000000e1780000,0x00000000e1780000)
  from space 5120K, 47% used [0x00000000e1c80000,0x00000000e1ee6320,0x00000000e2180000)
  to   space 5120K, 0% used [0x00000000e1780000,0x00000000e1780000,0x00000000e1c80000)
 ParOldGen       total 35840K, used 10623K [0x00000000a0000000, 0x00000000a2300000, 0x00000000e0000000)
  object space 35840K, 29% used [0x00000000a0000000,0x00000000a0a5ff98,0x00000000a2300000)
 Metaspace       used 31023K, capacity 31612K, committed 31872K, reserved 1077248K
  class space    used 4221K, capacity 4431K, committed 4480K, reserved 1048576K
Event: 13.322 GC heap after
Heap after GC invocations=20 (full 1):
 PSYoungGen      total 29184K, used 2626K [0x00000000e0000000, 0x00000000e2700000, 0x0000000100000000)
  eden space 24064K, 0% used [0x00000000e0000000,0x00000000e0000000,0x00000000e1780000)
  from space 5120K, 51% used [0x00000000e1780000,0x00000000e1a10af0,0x00000000e1c80000)
  to   space 5120K, 0% used [0x00000000e2200000,0x00000000e2200000,0x00000000e2700000)
 ParOldGen       total 35840K, used 11435K [0x00000000a0000000, 0x00000000a2300000, 0x00000000e0000000)
  object space 35840K, 31% used [0x00000000a0000000,0x00000000a0b2afa8,0x00000000a2300000)
 Metaspace       used 31023K, capacity 31612K, committed 31872K, reserved 1077248K
  class space    used 4221K, capacity 4431K, committed 4480K, reserved 1048576K
}

