# JRE version: OpenJDK Runtime Environment (8.0_212-b04) (build 1.8.0_212-release-1586-b04)
# Java VM: OpenJDK 64-Bit Server VM (25.212-b04 mixed mode windows-amd64 compressed oops)
Heap:
 PSYoungGen      total 494592K, used 345892K [0x00000000e0000000, 0x00000000ffe00000, 0x0000000100000000)
  eden space 466944K, 74% used [0x00000000e0000000,0x00000000f51c9070,0x00000000fc800000)
  from space 27648K, 0% used [0x00000000fe300000,0x00000000fe300000,0x00000000ffe00000)
  to   space 27648K, 0% used [0x00000000fc800000,0x00000000fc800000,0x00000000fe300000)
 ParOldGen       total 158720K, used 94938K [0x00000000a0000000, 0x00000000a9b00000, 0x00000000e0000000)
  object space 158720K, 59% used [0x00000000a0000000,0x00000000a5cb6bf8,0x00000000a9b00000)
 Metaspace       used 134571K, capacity 141022K, committed 142848K, reserved 1173504K
  class space    used 17082K, capacity 18252K, committed 18688K, reserved 1048576K
GC Heap History (10 events):
Event: 10766.406 GC heap before
{Heap before GC invocations=109 (full 8):
 PSYoungGen      total 358400K, used 348114K [0x00000000e0000000, 0x00000000f7e00000, 0x0000000100000000)
  eden space 329728K, 100% used [0x00000000e0000000,0x00000000f4200000,0x00000000f4200000)
  from space 28672K, 64% used [0x00000000f6200000,0x00000000f73f4aa0,0x00000000f7e00000)
  to   space 30720K, 0% used [0x00000000f4200000,0x00000000f4200000,0x00000000f6000000)
 ParOldGen       total 139776K, used 100344K [0x00000000a0000000, 0x00000000a8880000, 0x00000000e0000000)
  object space 139776K, 71% used [0x00000000a0000000,0x00000000a61fe1c0,0x00000000a8880000)
 Metaspace       used 135607K, capacity 142234K, committed 142592K, reserved 1173504K
  class space    used 17231K, capacity 18463K, committed 18688K, reserved 1048576K
Event: 10769.146 GC heap after
Heap after GC invocations=109 (full 8):
 PSYoungGen      total 360448K, used 2517K [0x00000000e0000000, 0x00000000fba80000, 0x0000000100000000)
  eden space 329728K, 0% used [0x00000000e0000000,0x00000000e0000000,0x00000000f4200000)
  from space 30720K, 8% used [0x00000000f4200000,0x00000000f44757e0,0x00000000f6000000)
  to   space 30720K, 0% used [0x00000000f9c80000,0x00000000f9c80000,0x00000000fba80000)
 ParOldGen       total 139776K, used 109204K [0x00000000a0000000, 0x00000000a8880000, 0x00000000e0000000)
  object space 139776K, 78% used [0x00000000a0000000,0x00000000a6aa52a8,0x00000000a8880000)
 Metaspace       used 135607K, capacity 142234K, committed 142592K, reserved 1173504K
  class space    used 17231K, capacity 18463K, committed 18688K, reserved 1048576K
}
Event: 10773.121 GC heap before
{Heap before GC invocations=110 (full 8):
 PSYoungGen      total 360448K, used 332245K [0x00000000e0000000, 0x00000000fba80000, 0x0000000100000000)
  eden space 329728K, 100% used [0x00000000e0000000,0x00000000f4200000,0x00000000f4200000)
  from space 30720K, 8% used [0x00000000f4200000,0x00000000f44757e0,0x00000000f6000000)
  to   space 30720K, 0% used [0x00000000f9c80000,0x00000000f9c80000,0x00000000fba80000)
 ParOldGen       total 139776K, used 109204K [0x00000000a0000000, 0x00000000a8880000, 0x00000000e0000000)
  object space 139776K, 78% used [0x00000000a0000000,0x00000000a6aa52a8,0x00000000a8880000)
 Metaspace       used 135670K, capacity 142380K, committed 142848K, reserved 1173504K
  class space    used 17232K, capacity 18464K, committed 18688K, reserved 1048576K
Event: 10773.288 GC heap after
Heap after GC invocations=110 (full 8):
 PSYoungGen      total 417280K, used 12111K [0x00000000e0000000, 0x00000000fb680000, 0x0000000100000000)
  eden space 390656K, 0% used [0x00000000e0000000,0x00000000e0000000,0x00000000f7d80000)
  from space 26624K, 45% used [0x00000000f9c80000,0x00000000fa853d10,0x00000000fb680000)
  to   space 29184K, 0% used [0x00000000f7d80000,0x00000000f7d80000,0x00000000f9a00000)
 ParOldGen       total 139776K, used 109533K [0x00000000a0000000, 0x00000000a8880000, 0x00000000e0000000)
  object space 139776K, 78% used [0x00000000a0000000,0x00000000a6af7588,0x00000000a8880000)
 Metaspace       used 135670K, capacity 142380K, committed 142848K, reserved 1173504K
  class space    used 17232K, capacity 18464K, committed 18688K, reserved 1048576K
}
Event: 10775.322 GC heap before
{Heap before GC invocations=111 (full 8):
 PSYoungGen      total 417280K, used 402767K [0x00000000e0000000, 0x00000000fb680000, 0x0000000100000000)
  eden space 390656K, 100% used [0x00000000e0000000,0x00000000f7d80000,0x00000000f7d80000)
  from space 26624K, 45% used [0x00000000f9c80000,0x00000000fa853d10,0x00000000fb680000)
  to   space 29184K, 0% used [0x00000000f7d80000,0x00000000f7d80000,0x00000000f9a00000)
 ParOldGen       total 139776K, used 109533K [0x00000000a0000000, 0x00000000a8880000, 0x00000000e0000000)
  object space 139776K, 78% used [0x00000000a0000000,0x00000000a6af7588,0x00000000a8880000)
 Metaspace       used 135681K, capacity 142380K, committed 142848K, reserved 1173504K
  class space    used 17232K, capacity 18464K, committed 18688K, reserved 1048576K
Event: 10786.565 GC heap after
Heap after GC invocations=111 (full 8):
 PSYoungGen      total 419840K, used 9700K [0x00000000e0000000, 0x00000000ffe80000, 0x0000000100000000)
  eden space 390656K, 0% used [0x00000000e0000000,0x00000000e0000000,0x00000000f7d80000)
  from space 29184K, 33% used [0x00000000f7d80000,0x00000000f86f9260,0x00000000f9a00000)
  to   space 28160K, 0% used [0x00000000fe300000,0x00000000fe300000,0x00000000ffe80000)
 ParOldGen       total 139776K, used 118750K [0x00000000a0000000, 0x00000000a8880000, 0x00000000e0000000)
  object space 139776K, 84% used [0x00000000a0000000,0x00000000a73f7960,0x00000000a8880000)
 Metaspace       used 135681K, capacity 142380K, committed 142848K, reserved 1173504K
  class space    used 17232K, capacity 18464K, committed 18688K, reserved 1048576K
}
Event: 10788.874 GC heap before
{Heap before GC invocations=112 (full 8):
 PSYoungGen      total 419840K, used 400356K [0x00000000e0000000, 0x00000000ffe80000, 0x0000000100000000)
  eden space 390656K, 100% used [0x00000000e0000000,0x00000000f7d80000,0x00000000f7d80000)
  from space 29184K, 33% used [0x00000000f7d80000,0x00000000f86f9260,0x00000000f9a00000)
  to   space 28160K, 0% used [0x00000000fe300000,0x00000000fe300000,0x00000000ffe80000)
 ParOldGen       total 139776K, used 118750K [0x00000000a0000000, 0x00000000a8880000, 0x00000000e0000000)
  object space 139776K, 84% used [0x00000000a0000000,0x00000000a73f7960,0x00000000a8880000)
 Metaspace       used 135688K, capacity 142388K, committed 142848K, reserved 1173504K
  class space    used 17232K, capacity 18464K, committed 18688K, reserved 1048576K
Event: 10798.315 GC heap after
Heap after GC invocations=112 (full 8):
 PSYoungGen      total 494592K, used 4653K [0x00000000e0000000, 0x00000000ffe00000, 0x0000000100000000)
  eden space 466944K, 0% used [0x00000000e0000000,0x00000000e0000000,0x00000000fc800000)
  from space 27648K, 16% used [0x00000000fe300000,0x00000000fe78b560,0x00000000ffe00000)
  to   space 27648K, 0% used [0x00000000fc800000,0x00000000fc800000,0x00000000fe300000)
 ParOldGen       total 139776K, used 125515K [0x00000000a0000000, 0x00000000a8880000, 0x00000000e0000000)
  object space 139776K, 89% used [0x00000000a0000000,0x00000000a7a92c10,0x00000000a8880000)
 Metaspace       used 135688K, capacity 142388K, committed 142848K, reserved 1173504K
  class space    used 17232K, capacity 18464K, committed 18688K, reserved 1048576K
}
Event: 10798.341 GC heap before
{Heap before GC invocations=113 (full 9):
 PSYoungGen      total 494592K, used 4653K [0x00000000e0000000, 0x00000000ffe00000, 0x0000000100000000)
  eden space 466944K, 0% used [0x00000000e0000000,0x00000000e0000000,0x00000000fc800000)
  from space 27648K, 16% used [0x00000000fe300000,0x00000000fe78b560,0x00000000ffe00000)
  to   space 27648K, 0% used [0x00000000fc800000,0x00000000fc800000,0x00000000fe300000)
 ParOldGen       total 139776K, used 125515K [0x00000000a0000000, 0x00000000a8880000, 0x00000000e0000000)
  object space 139776K, 89% used [0x00000000a0000000,0x00000000a7a92c10,0x00000000a8880000)
 Metaspace       used 135688K, capacity 142388K, committed 142848K, reserved 1173504K
  class space    used 17232K, capacity 18464K, committed 18688K, reserved 1048576K
Event: 10871.232 GC heap after
Heap after GC invocations=113 (full 9):
 PSYoungGen      total 494592K, used 0K [0x00000000e0000000, 0x00000000ffe00000, 0x0000000100000000)
  eden space 466944K, 0% used [0x00000000e0000000,0x00000000e0000000,0x00000000fc800000)
  from space 27648K, 0% used [0x00000000fe300000,0x00000000fe300000,0x00000000ffe00000)
  to   space 27648K, 0% used [0x00000000fc800000,0x00000000fc800000,0x00000000fe300000)
 ParOldGen       total 158720K, used 94938K [0x00000000a0000000, 0x00000000a9b00000, 0x00000000e0000000)
  object space 158720K, 59% used [0x00000000a0000000,0x00000000a5cb6bf8,0x00000000a9b00000)
 Metaspace       used 134566K, capacity 141022K, committed 142848K, reserved 1173504K
  class space    used 17082K, capacity 18252K, committed 18688K, reserved 1048576K
}

