# JRE version: OpenJDK Runtime Environment (8.0_212-b04) (build 1.8.0_212-release-1586-b04)
# Java VM: OpenJDK 64-Bit Server VM (25.212-b04 mixed mode windows-amd64 compressed oops)
Heap:
 PSYoungGen      total 112640K, used 56551K [0x00000000e0000000, 0x00000000ea300000, 0x0000000100000000)
  eden space 105472K, 46% used [0x00000000e0000000,0x00000000e303eb18,0x00000000e6700000)
  from space 7168K, 99% used [0x00000000e6700000,0x00000000e6dfb310,0x00000000e6e00000)
  to   space 10752K, 0% used [0x00000000e9880000,0x00000000e9880000,0x00000000ea300000)
 ParOldGen       total 45568K, used 23138K [0x00000000a0000000, 0x00000000a2c80000, 0x00000000e0000000)
  object space 45568K, 50% used [0x00000000a0000000,0x00000000a1698918,0x00000000a2c80000)
 Metaspace       used 49803K, capacity 51304K, committed 51496K, reserved 1093632K
  class space    used 6727K, capacity 7111K, committed 7208K, reserved 1048576K
GC Heap History (10 events):
Event: 21.697 GC heap before
{Heap before GC invocations=13 (full 1):
 PSYoungGen      total 56320K, used 56309K [0x00000000e0000000, 0x00000000e5480000, 0x0000000100000000)
  eden space 50176K, 100% used [0x00000000e0000000,0x00000000e3100000,0x00000000e3100000)
  from space 6144K, 99% used [0x00000000e3100000,0x00000000e36fd7c0,0x00000000e3700000)
  to   space 7168K, 0% used [0x00000000e4d80000,0x00000000e4d80000,0x00000000e5480000)
 ParOldGen       total 31232K, used 9626K [0x00000000a0000000, 0x00000000a1e80000, 0x00000000e0000000)
  object space 31232K, 30% used [0x00000000a0000000,0x00000000a09669f0,0x00000000a1e80000)
 Metaspace       used 30543K, capacity 31164K, committed 31360K, reserved 1077248K
  class space    used 4161K, capacity 4367K, committed 4480K, reserved 1048576K
Event: 21.738 GC heap after
Heap after GC invocations=13 (full 1):
 PSYoungGen      total 79872K, used 3736K [0x00000000e0000000, 0x00000000e5600000, 0x0000000100000000)
  eden space 72704K, 0% used [0x00000000e0000000,0x00000000e0000000,0x00000000e4700000)
  from space 7168K, 52% used [0x00000000e4d80000,0x00000000e5126200,0x00000000e5480000)
  to   space 6656K, 0% used [0x00000000e4700000,0x00000000e4700000,0x00000000e4d80000)
 ParOldGen       total 31232K, used 12858K [0x00000000a0000000, 0x00000000a1e80000, 0x00000000e0000000)
  object space 31232K, 41% used [0x00000000a0000000,0x00000000a0c8ea10,0x00000000a1e80000)
 Metaspace       used 30543K, capacity 31164K, committed 31360K, reserved 1077248K
  class space    used 4161K, capacity 4367K, committed 4480K, reserved 1048576K
}
Event: 24.964 GC heap before
{Heap before GC invocations=14 (full 1):
 PSYoungGen      total 79872K, used 76440K [0x00000000e0000000, 0x00000000e5600000, 0x0000000100000000)
  eden space 72704K, 100% used [0x00000000e0000000,0x00000000e4700000,0x00000000e4700000)
  from space 7168K, 52% used [0x00000000e4d80000,0x00000000e5126200,0x00000000e5480000)
  to   space 6656K, 0% used [0x00000000e4700000,0x00000000e4700000,0x00000000e4d80000)
 ParOldGen       total 31232K, used 12858K [0x00000000a0000000, 0x00000000a1e80000, 0x00000000e0000000)
  object space 31232K, 41% used [0x00000000a0000000,0x00000000a0c8ea10,0x00000000a1e80000)
 Metaspace       used 34236K, capacity 34974K, committed 35200K, reserved 1079296K
  class space    used 4713K, capacity 4946K, committed 4992K, reserved 1048576K
Event: 24.972 GC heap after
Heap after GC invocations=14 (full 1):
 PSYoungGen      total 79360K, used 5123K [0x00000000e0000000, 0x00000000e7600000, 0x0000000100000000)
  eden space 72704K, 0% used [0x00000000e0000000,0x00000000e0000000,0x00000000e4700000)
  from space 6656K, 76% used [0x00000000e4700000,0x00000000e4c00da8,0x00000000e4d80000)
  to   space 7168K, 0% used [0x00000000e6f00000,0x00000000e6f00000,0x00000000e7600000)
 ParOldGen       total 31232K, used 14326K [0x00000000a0000000, 0x00000000a1e80000, 0x00000000e0000000)
  object space 31232K, 45% used [0x00000000a0000000,0x00000000a0dfd878,0x00000000a1e80000)
 Metaspace       used 34236K, capacity 34974K, committed 35200K, reserved 1079296K
  class space    used 4713K, capacity 4946K, committed 4992K, reserved 1048576K
}
Event: 26.006 GC heap before
{Heap before GC invocations=15 (full 1):
 PSYoungGen      total 79360K, used 22378K [0x00000000e0000000, 0x00000000e7600000, 0x0000000100000000)
  eden space 72704K, 23% used [0x00000000e0000000,0x00000000e10d9cd0,0x00000000e4700000)
  from space 6656K, 76% used [0x00000000e4700000,0x00000000e4c00da8,0x00000000e4d80000)
  to   space 7168K, 0% used [0x00000000e6f00000,0x00000000e6f00000,0x00000000e7600000)
 ParOldGen       total 31232K, used 14326K [0x00000000a0000000, 0x00000000a1e80000, 0x00000000e0000000)
  object space 31232K, 45% used [0x00000000a0000000,0x00000000a0dfd878,0x00000000a1e80000)
 Metaspace       used 34634K, capacity 35436K, committed 35496K, reserved 1079296K
  class space    used 4769K, capacity 5027K, committed 5032K, reserved 1048576K
Event: 26.012 GC heap after
Heap after GC invocations=15 (full 1):
 PSYoungGen      total 111616K, used 2688K [0x00000000e0000000, 0x00000000e7500000, 0x0000000100000000)
  eden space 105472K, 0% used [0x00000000e0000000,0x00000000e0000000,0x00000000e6700000)
  from space 6144K, 43% used [0x00000000e6f00000,0x00000000e71a0000,0x00000000e7500000)
  to   space 7168K, 0% used [0x00000000e6700000,0x00000000e6700000,0x00000000e6e00000)
 ParOldGen       total 31232K, used 15823K [0x00000000a0000000, 0x00000000a1e80000, 0x00000000e0000000)
  object space 31232K, 50% used [0x00000000a0000000,0x00000000a0f73e18,0x00000000a1e80000)
 Metaspace       used 34634K, capacity 35436K, committed 35496K, reserved 1079296K
  class space    used 4769K, capacity 5027K, committed 5032K, reserved 1048576K
}
Event: 26.012 GC heap before
{Heap before GC invocations=16 (full 2):
 PSYoungGen      total 111616K, used 2688K [0x00000000e0000000, 0x00000000e7500000, 0x0000000100000000)
  eden space 105472K, 0% used [0x00000000e0000000,0x00000000e0000000,0x00000000e6700000)
  from space 6144K, 43% used [0x00000000e6f00000,0x00000000e71a0000,0x00000000e7500000)
  to   space 7168K, 0% used [0x00000000e6700000,0x00000000e6700000,0x00000000e6e00000)
 ParOldGen       total 31232K, used 15823K [0x00000000a0000000, 0x00000000a1e80000, 0x00000000e0000000)
  object space 31232K, 50% used [0x00000000a0000000,0x00000000a0f73e18,0x00000000a1e80000)
 Metaspace       used 34634K, capacity 35436K, committed 35496K, reserved 1079296K
  class space    used 4769K, capacity 5027K, committed 5032K, reserved 1048576K
Event: 26.079 GC heap after
Heap after GC invocations=16 (full 2):
 PSYoungGen      total 111616K, used 0K [0x00000000e0000000, 0x00000000e7500000, 0x0000000100000000)
  eden space 105472K, 0% used [0x00000000e0000000,0x00000000e0000000,0x00000000e6700000)
  from space 6144K, 0% used [0x00000000e6f00000,0x00000000e6f00000,0x00000000e7500000)
  to   space 7168K, 0% used [0x00000000e6700000,0x00000000e6700000,0x00000000e6e00000)
 ParOldGen       total 45568K, used 15836K [0x00000000a0000000, 0x00000000a2c80000, 0x00000000e0000000)
  object space 45568K, 34% used [0x00000000a0000000,0x00000000a0f77198,0x00000000a2c80000)
 Metaspace       used 34623K, capacity 35400K, committed 35496K, reserved 1079296K
  class space    used 4766K, capacity 5021K, committed 5032K, reserved 1048576K
}
Event: 39.374 GC heap before
{Heap before GC invocations=17 (full 2):
 PSYoungGen      total 111616K, used 105472K [0x00000000e0000000, 0x00000000e7500000, 0x0000000100000000)
  eden space 105472K, 100% used [0x00000000e0000000,0x00000000e6700000,0x00000000e6700000)
  from space 6144K, 0% used [0x00000000e6f00000,0x00000000e6f00000,0x00000000e7500000)
  to   space 7168K, 0% used [0x00000000e6700000,0x00000000e6700000,0x00000000e6e00000)
 ParOldGen       total 45568K, used 15836K [0x00000000a0000000, 0x00000000a2c80000, 0x00000000e0000000)
  object space 45568K, 34% used [0x00000000a0000000,0x00000000a0f77198,0x00000000a2c80000)
 Metaspace       used 45171K, capacity 46204K, committed 46376K, reserved 1089536K
  class space    used 6079K, capacity 6350K, committed 6440K, reserved 1048576K
Event: 39.391 GC heap after
Heap after GC invocations=17 (full 2):
 PSYoungGen      total 112640K, used 7148K [0x00000000e0000000, 0x00000000ea300000, 0x0000000100000000)
  eden space 105472K, 0% used [0x00000000e0000000,0x00000000e0000000,0x00000000e6700000)
  from space 7168K, 99% used [0x00000000e6700000,0x00000000e6dfb310,0x00000000e6e00000)
  to   space 10752K, 0% used [0x00000000e9880000,0x00000000e9880000,0x00000000ea300000)
 ParOldGen       total 45568K, used 23138K [0x00000000a0000000, 0x00000000a2c80000, 0x00000000e0000000)
  object space 45568K, 50% used [0x00000000a0000000,0x00000000a1698918,0x00000000a2c80000)
 Metaspace       used 45171K, capacity 46204K, committed 46376K, reserved 1089536K
  class space    used 6079K, capacity 6350K, committed 6440K, reserved 1048576K
}

