# JRE version: OpenJDK Runtime Environment (8.0_212-b04) (build 1.8.0_212-release-1586-b04)
# Java VM: OpenJDK 64-Bit Server VM (25.212-b04 mixed mode windows-amd64 compressed oops)
Heap:
 PSYoungGen      total 81408K, used 61995K [0x00000000e0000000, 0x00000000e7800000, 0x0000000100000000)
  eden space 73216K, 84% used [0x00000000e0000000,0x00000000e3c8afb0,0x00000000e4780000)
  from space 8192K, 0% used [0x00000000e4780000,0x00000000e4780000,0x00000000e4f80000)
  to   space 8192K, 0% used [0x00000000e7000000,0x00000000e7000000,0x00000000e7800000)
 ParOldGen       total 45568K, used 15846K [0x00000000a0000000, 0x00000000a2c80000, 0x00000000e0000000)
  object space 45568K, 34% used [0x00000000a0000000,0x00000000a0f79af0,0x00000000a2c80000)
 Metaspace       used 41862K, capacity 42890K, committed 43136K, reserved 1087488K
  class space    used 5675K, capacity 5957K, committed 6016K, reserved 1048576K
GC Heap History (10 events):
Event: 7.530 GC heap before
{Heap before GC invocations=13 (full 1):
 PSYoungGen      total 52736K, used 47104K [0x00000000e0000000, 0x00000000e5500000, 0x0000000100000000)
  eden space 47104K, 100% used [0x00000000e0000000,0x00000000e2e00000,0x00000000e2e00000)
  from space 5632K, 0% used [0x00000000e2e00000,0x00000000e2e00000,0x00000000e3380000)
  to   space 5632K, 0% used [0x00000000e4f80000,0x00000000e4f80000,0x00000000e5500000)
 ParOldGen       total 29696K, used 8026K [0x00000000a0000000, 0x00000000a1d00000, 0x00000000e0000000)
  object space 29696K, 27% used [0x00000000a0000000,0x00000000a07d6a38,0x00000000a1d00000)
 Metaspace       used 27502K, capacity 27974K, committed 28288K, reserved 1073152K
  class space    used 3747K, capacity 3904K, committed 3968K, reserved 1048576K
Event: 7.539 GC heap after
Heap after GC invocations=13 (full 1):
 PSYoungGen      total 74240K, used 5627K [0x00000000e0000000, 0x00000000e5500000, 0x0000000100000000)
  eden space 68608K, 0% used [0x00000000e0000000,0x00000000e0000000,0x00000000e4300000)
  from space 5632K, 99% used [0x00000000e4f80000,0x00000000e54feea8,0x00000000e5500000)
  to   space 6656K, 0% used [0x00000000e4800000,0x00000000e4800000,0x00000000e4e80000)
 ParOldGen       total 29696K, used 8964K [0x00000000a0000000, 0x00000000a1d00000, 0x00000000e0000000)
  object space 29696K, 30% used [0x00000000a0000000,0x00000000a08c1288,0x00000000a1d00000)
 Metaspace       used 27502K, capacity 27974K, committed 28288K, reserved 1073152K
  class space    used 3747K, capacity 3904K, committed 3968K, reserved 1048576K
}
Event: 8.700 GC heap before
{Heap before GC invocations=14 (full 1):
 PSYoungGen      total 74240K, used 74235K [0x00000000e0000000, 0x00000000e5500000, 0x0000000100000000)
  eden space 68608K, 100% used [0x00000000e0000000,0x00000000e4300000,0x00000000e4300000)
  from space 5632K, 99% used [0x00000000e4f80000,0x00000000e54feea8,0x00000000e5500000)
  to   space 6656K, 0% used [0x00000000e4800000,0x00000000e4800000,0x00000000e4e80000)
 ParOldGen       total 29696K, used 8964K [0x00000000a0000000, 0x00000000a1d00000, 0x00000000e0000000)
  object space 29696K, 30% used [0x00000000a0000000,0x00000000a08c1288,0x00000000a1d00000)
 Metaspace       used 31373K, capacity 31996K, committed 32256K, reserved 1077248K
  class space    used 4279K, capacity 4495K, committed 4608K, reserved 1048576K
Event: 8.724 GC heap after
Heap after GC invocations=14 (full 1):
 PSYoungGen      total 75264K, used 5284K [0x00000000e0000000, 0x00000000e5500000, 0x0000000100000000)
  eden space 68608K, 0% used [0x00000000e0000000,0x00000000e0000000,0x00000000e4300000)
  from space 6656K, 79% used [0x00000000e4800000,0x00000000e4d29380,0x00000000e4e80000)
  to   space 5632K, 0% used [0x00000000e4f80000,0x00000000e4f80000,0x00000000e5500000)
 ParOldGen       total 29696K, used 12060K [0x00000000a0000000, 0x00000000a1d00000, 0x00000000e0000000)
  object space 29696K, 40% used [0x00000000a0000000,0x00000000a0bc72a8,0x00000000a1d00000)
 Metaspace       used 31373K, capacity 31996K, committed 32256K, reserved 1077248K
  class space    used 4279K, capacity 4495K, committed 4608K, reserved 1048576K
}
Event: 12.083 GC heap before
{Heap before GC invocations=15 (full 1):
 PSYoungGen      total 75264K, used 73892K [0x00000000e0000000, 0x00000000e5500000, 0x0000000100000000)
  eden space 68608K, 100% used [0x00000000e0000000,0x00000000e4300000,0x00000000e4300000)
  from space 6656K, 79% used [0x00000000e4800000,0x00000000e4d29380,0x00000000e4e80000)
  to   space 5632K, 0% used [0x00000000e4f80000,0x00000000e4f80000,0x00000000e5500000)
 ParOldGen       total 29696K, used 12060K [0x00000000a0000000, 0x00000000a1d00000, 0x00000000e0000000)
  object space 29696K, 40% used [0x00000000a0000000,0x00000000a0bc72a8,0x00000000a1d00000)
 Metaspace       used 34442K, capacity 35160K, committed 35200K, reserved 1079296K
  class space    used 4722K, capacity 4957K, committed 4992K, reserved 1048576K
Event: 12.091 GC heap after
Heap after GC invocations=15 (full 1):
 PSYoungGen      total 78848K, used 5631K [0x00000000e0000000, 0x00000000e6e80000, 0x0000000100000000)
  eden space 73216K, 0% used [0x00000000e0000000,0x00000000e0000000,0x00000000e4780000)
  from space 5632K, 99% used [0x00000000e4f80000,0x00000000e54fff30,0x00000000e5500000)
  to   space 8192K, 0% used [0x00000000e4780000,0x00000000e4780000,0x00000000e4f80000)
 ParOldGen       total 29696K, used 14099K [0x00000000a0000000, 0x00000000a1d00000, 0x00000000e0000000)
  object space 29696K, 47% used [0x00000000a0000000,0x00000000a0dc4c58,0x00000000a1d00000)
 Metaspace       used 34442K, capacity 35160K, committed 35200K, reserved 1079296K
  class space    used 4722K, capacity 4957K, committed 4992K, reserved 1048576K
}
Event: 12.218 GC heap before
{Heap before GC invocations=16 (full 1):
 PSYoungGen      total 78848K, used 12533K [0x00000000e0000000, 0x00000000e6e80000, 0x0000000100000000)
  eden space 73216K, 9% used [0x00000000e0000000,0x00000000e06bd5e0,0x00000000e4780000)
  from space 5632K, 99% used [0x00000000e4f80000,0x00000000e54fff30,0x00000000e5500000)
  to   space 8192K, 0% used [0x00000000e4780000,0x00000000e4780000,0x00000000e4f80000)
 ParOldGen       total 29696K, used 14099K [0x00000000a0000000, 0x00000000a1d00000, 0x00000000e0000000)
  object space 29696K, 47% used [0x00000000a0000000,0x00000000a0dc4c58,0x00000000a1d00000)
 Metaspace       used 34613K, capacity 35376K, committed 35456K, reserved 1079296K
  class space    used 4750K, capacity 4963K, committed 4992K, reserved 1048576K
Event: 12.224 GC heap after
Heap after GC invocations=16 (full 1):
 PSYoungGen      total 81408K, used 992K [0x00000000e0000000, 0x00000000e7800000, 0x0000000100000000)
  eden space 73216K, 0% used [0x00000000e0000000,0x00000000e0000000,0x00000000e4780000)
  from space 8192K, 12% used [0x00000000e4780000,0x00000000e4878000,0x00000000e4f80000)
  to   space 8192K, 0% used [0x00000000e7000000,0x00000000e7000000,0x00000000e7800000)
 ParOldGen       total 29696K, used 17041K [0x00000000a0000000, 0x00000000a1d00000, 0x00000000e0000000)
  object space 29696K, 57% used [0x00000000a0000000,0x00000000a10a4518,0x00000000a1d00000)
 Metaspace       used 34613K, capacity 35376K, committed 35456K, reserved 1079296K
  class space    used 4750K, capacity 4963K, committed 4992K, reserved 1048576K
}
Event: 12.224 GC heap before
{Heap before GC invocations=17 (full 2):
 PSYoungGen      total 81408K, used 992K [0x00000000e0000000, 0x00000000e7800000, 0x0000000100000000)
  eden space 73216K, 0% used [0x00000000e0000000,0x00000000e0000000,0x00000000e4780000)
  from space 8192K, 12% used [0x00000000e4780000,0x00000000e4878000,0x00000000e4f80000)
  to   space 8192K, 0% used [0x00000000e7000000,0x00000000e7000000,0x00000000e7800000)
 ParOldGen       total 29696K, used 17041K [0x00000000a0000000, 0x00000000a1d00000, 0x00000000e0000000)
  object space 29696K, 57% used [0x00000000a0000000,0x00000000a10a4518,0x00000000a1d00000)
 Metaspace       used 34613K, capacity 35376K, committed 35456K, reserved 1079296K
  class space    used 4750K, capacity 4963K, committed 4992K, reserved 1048576K
Event: 12.311 GC heap after
Heap after GC invocations=17 (full 2):
 PSYoungGen      total 81408K, used 0K [0x00000000e0000000, 0x00000000e7800000, 0x0000000100000000)
  eden space 73216K, 0% used [0x00000000e0000000,0x00000000e0000000,0x00000000e4780000)
  from space 8192K, 0% used [0x00000000e4780000,0x00000000e4780000,0x00000000e4f80000)
  to   space 8192K, 0% used [0x00000000e7000000,0x00000000e7000000,0x00000000e7800000)
 ParOldGen       total 45568K, used 15846K [0x00000000a0000000, 0x00000000a2c80000, 0x00000000e0000000)
  object space 45568K, 34% used [0x00000000a0000000,0x00000000a0f79af0,0x00000000a2c80000)
 Metaspace       used 34606K, capacity 35352K, committed 35456K, reserved 1079296K
  class space    used 4748K, capacity 4959K, committed 4992K, reserved 1048576K
}

