# JRE version: OpenJDK Runtime Environment (8.0_212-b04) (build 1.8.0_212-release-1586-b04)
# Java VM: OpenJDK 64-Bit Server VM (25.212-b04 mixed mode windows-amd64 compressed oops)
Heap:
 PSYoungGen      total 174080K, used 80014K [0x00000000e0000000, 0x00000000ecd80000, 0x0000000100000000)
  eden space 148480K, 47% used [0x00000000e0000000,0x00000000e4571780,0x00000000e9100000)
  from space 25600K, 34% used [0x00000000e9100000,0x00000000e99b2168,0x00000000eaa00000)
  to   space 24576K, 0% used [0x00000000eb580000,0x00000000eb580000,0x00000000ecd80000)
 ParOldGen       total 96768K, used 61292K [0x00000000a0000000, 0x00000000a5e80000, 0x00000000e0000000)
  object space 96768K, 63% used [0x00000000a0000000,0x00000000a3bdb0f8,0x00000000a5e80000)
 Metaspace       used 79372K, capacity 82788K, committed 82944K, reserved 1120256K
  class space    used 10521K, capacity 11254K, committed 11264K, reserved 1048576K
GC Heap History (10 events):
Event: 40.699 GC heap before
{Heap before GC invocations=18 (full 3):
 PSYoungGen      total 130560K, used 8545K [0x00000000e0000000, 0x00000000ea700000, 0x0000000100000000)
  eden space 114176K, 0% used [0x00000000e0000000,0x00000000e0000000,0x00000000e6f80000)
  from space 16384K, 52% used [0x00000000e6f80000,0x00000000e77d8580,0x00000000e7f80000)
  to   space 16384K, 0% used [0x00000000e9700000,0x00000000e9700000,0x00000000ea700000)
 ParOldGen       total 59904K, used 35783K [0x00000000a0000000, 0x00000000a3a80000, 0x00000000e0000000)
  object space 59904K, 59% used [0x00000000a0000000,0x00000000a22f1ff0,0x00000000a3a80000)
 Metaspace       used 57051K, capacity 59132K, committed 59160K, reserved 1099776K
  class space    used 7940K, capacity 8429K, committed 8448K, reserved 1048576K
Event: 41.009 GC heap after
Heap after GC invocations=18 (full 3):
 PSYoungGen      total 130560K, used 0K [0x00000000e0000000, 0x00000000ea700000, 0x0000000100000000)
  eden space 114176K, 0% used [0x00000000e0000000,0x00000000e0000000,0x00000000e6f80000)
  from space 16384K, 0% used [0x00000000e6f80000,0x00000000e6f80000,0x00000000e7f80000)
  to   space 16384K, 0% used [0x00000000e9700000,0x00000000e9700000,0x00000000ea700000)
 ParOldGen       total 96768K, used 35919K [0x00000000a0000000, 0x00000000a5e80000, 0x00000000e0000000)
  object space 96768K, 37% used [0x00000000a0000000,0x00000000a2313d10,0x00000000a5e80000)
 Metaspace       used 57040K, capacity 59096K, committed 59160K, reserved 1099776K
  class space    used 7936K, capacity 8423K, committed 8448K, reserved 1048576K
}
Event: 45.606 GC heap before
{Heap before GC invocations=19 (full 3):
 PSYoungGen      total 130560K, used 114176K [0x00000000e0000000, 0x00000000ea700000, 0x0000000100000000)
  eden space 114176K, 100% used [0x00000000e0000000,0x00000000e6f80000,0x00000000e6f80000)
  from space 16384K, 0% used [0x00000000e6f80000,0x00000000e6f80000,0x00000000e7f80000)
  to   space 16384K, 0% used [0x00000000e9700000,0x00000000e9700000,0x00000000ea700000)
 ParOldGen       total 96768K, used 35919K [0x00000000a0000000, 0x00000000a5e80000, 0x00000000e0000000)
  object space 96768K, 37% used [0x00000000a0000000,0x00000000a2313d10,0x00000000a5e80000)
 Metaspace       used 63199K, capacity 65440K, committed 65792K, reserved 1105920K
  class space    used 8799K, capacity 9353K, committed 9472K, reserved 1048576K
Event: 45.623 GC heap after
Heap after GC invocations=19 (full 3):
 PSYoungGen      total 154112K, used 11566K [0x00000000e0000000, 0x00000000ea780000, 0x0000000100000000)
  eden space 137728K, 0% used [0x00000000e0000000,0x00000000e0000000,0x00000000e8680000)
  from space 16384K, 70% used [0x00000000e9700000,0x00000000ea24b900,0x00000000ea700000)
  to   space 16896K, 0% used [0x00000000e8680000,0x00000000e8680000,0x00000000e9700000)
 ParOldGen       total 96768K, used 35927K [0x00000000a0000000, 0x00000000a5e80000, 0x00000000e0000000)
  object space 96768K, 37% used [0x00000000a0000000,0x00000000a2315d10,0x00000000a5e80000)
 Metaspace       used 63199K, capacity 65440K, committed 65792K, reserved 1105920K
  class space    used 8799K, capacity 9353K, committed 9472K, reserved 1048576K
}
Event: 64.802 GC heap before
{Heap before GC invocations=20 (full 3):
 PSYoungGen      total 154112K, used 149294K [0x00000000e0000000, 0x00000000ea780000, 0x0000000100000000)
  eden space 137728K, 100% used [0x00000000e0000000,0x00000000e8680000,0x00000000e8680000)
  from space 16384K, 70% used [0x00000000e9700000,0x00000000ea24b900,0x00000000ea700000)
  to   space 16896K, 0% used [0x00000000e8680000,0x00000000e8680000,0x00000000e9700000)
 ParOldGen       total 96768K, used 35927K [0x00000000a0000000, 0x00000000a5e80000, 0x00000000e0000000)
  object space 96768K, 37% used [0x00000000a0000000,0x00000000a2315d10,0x00000000a5e80000)
 Metaspace       used 68950K, capacity 71488K, committed 71552K, reserved 1110016K
  class space    used 9506K, capacity 10099K, committed 10112K, reserved 1048576K
Event: 64.834 GC heap after
Heap after GC invocations=20 (full 3):
 PSYoungGen      total 154624K, used 16879K [0x00000000e0000000, 0x00000000ebd80000, 0x0000000100000000)
  eden space 137728K, 0% used [0x00000000e0000000,0x00000000e0000000,0x00000000e8680000)
  from space 16896K, 99% used [0x00000000e8680000,0x00000000e96fbff0,0x00000000e9700000)
  to   space 19968K, 0% used [0x00000000eaa00000,0x00000000eaa00000,0x00000000ebd80000)
 ParOldGen       total 96768K, used 37029K [0x00000000a0000000, 0x00000000a5e80000, 0x00000000e0000000)
  object space 96768K, 38% used [0x00000000a0000000,0x00000000a2429478,0x00000000a5e80000)
 Metaspace       used 68950K, capacity 71488K, committed 71552K, reserved 1110016K
  class space    used 9506K, capacity 10099K, committed 10112K, reserved 1048576K
}
Event: 259.716 GC heap before
{Heap before GC invocations=21 (full 3):
 PSYoungGen      total 154624K, used 154607K [0x00000000e0000000, 0x00000000ebd80000, 0x0000000100000000)
  eden space 137728K, 100% used [0x00000000e0000000,0x00000000e8680000,0x00000000e8680000)
  from space 16896K, 99% used [0x00000000e8680000,0x00000000e96fbff0,0x00000000e9700000)
  to   space 19968K, 0% used [0x00000000eaa00000,0x00000000eaa00000,0x00000000ebd80000)
 ParOldGen       total 96768K, used 37029K [0x00000000a0000000, 0x00000000a5e80000, 0x00000000e0000000)
  object space 96768K, 38% used [0x00000000a0000000,0x00000000a2429478,0x00000000a5e80000)
 Metaspace       used 75743K, capacity 78998K, committed 79232K, reserved 1118208K
  class space    used 10107K, capacity 10817K, committed 10880K, reserved 1048576K
Event: 259.754 GC heap after
Heap after GC invocations=21 (full 3):
 PSYoungGen      total 168448K, used 19959K [0x00000000e0000000, 0x00000000ec580000, 0x0000000100000000)
  eden space 148480K, 0% used [0x00000000e0000000,0x00000000e0000000,0x00000000e9100000)
  from space 19968K, 99% used [0x00000000eaa00000,0x00000000ebd7dfa0,0x00000000ebd80000)
  to   space 25600K, 0% used [0x00000000e9100000,0x00000000e9100000,0x00000000eaa00000)
 ParOldGen       total 96768K, used 44898K [0x00000000a0000000, 0x00000000a5e80000, 0x00000000e0000000)
  object space 96768K, 46% used [0x00000000a0000000,0x00000000a2bd8ba0,0x00000000a5e80000)
 Metaspace       used 75743K, capacity 78998K, committed 79232K, reserved 1118208K
  class space    used 10107K, capacity 10817K, committed 10880K, reserved 1048576K
}
Event: 273.015 GC heap before
{Heap before GC invocations=22 (full 3):
 PSYoungGen      total 168448K, used 168439K [0x00000000e0000000, 0x00000000ec580000, 0x0000000100000000)
  eden space 148480K, 100% used [0x00000000e0000000,0x00000000e9100000,0x00000000e9100000)
  from space 19968K, 99% used [0x00000000eaa00000,0x00000000ebd7dfa0,0x00000000ebd80000)
  to   space 25600K, 0% used [0x00000000e9100000,0x00000000e9100000,0x00000000eaa00000)
 ParOldGen       total 96768K, used 44898K [0x00000000a0000000, 0x00000000a5e80000, 0x00000000e0000000)
  object space 96768K, 46% used [0x00000000a0000000,0x00000000a2bd8ba0,0x00000000a5e80000)
 Metaspace       used 78330K, capacity 81760K, committed 81920K, reserved 1120256K
  class space    used 10437K, capacity 11178K, committed 11264K, reserved 1048576K
Event: 273.048 GC heap after
Heap after GC invocations=22 (full 3):
 PSYoungGen      total 174080K, used 8904K [0x00000000e0000000, 0x00000000ecd80000, 0x0000000100000000)
  eden space 148480K, 0% used [0x00000000e0000000,0x00000000e0000000,0x00000000e9100000)
  from space 25600K, 34% used [0x00000000e9100000,0x00000000e99b2168,0x00000000eaa00000)
  to   space 24576K, 0% used [0x00000000eb580000,0x00000000eb580000,0x00000000ecd80000)
 ParOldGen       total 96768K, used 61292K [0x00000000a0000000, 0x00000000a5e80000, 0x00000000e0000000)
  object space 96768K, 63% used [0x00000000a0000000,0x00000000a3bdb0f8,0x00000000a5e80000)
 Metaspace       used 78330K, capacity 81760K, committed 81920K, reserved 1120256K
  class space    used 10437K, capacity 11178K, committed 11264K, reserved 1048576K
}

