# JRE version: OpenJDK Runtime Environment (8.0_212-b04) (build 1.8.0_212-release-1586-b04)
# Java VM: OpenJDK 64-Bit Server VM (25.212-b04 mixed mode windows-amd64 compressed oops)
Heap:
 PSYoungGen      total 35328K, used 6758K [0x00000000e0000000, 0x00000000e2a00000, 0x0000000100000000)
  eden space 29696K, 5% used [0x00000000e0000000,0x00000000e01b4ad8,0x00000000e1d00000)
  from space 5632K, 88% used [0x00000000e2480000,0x00000000e2964fb8,0x00000000e2a00000)
  to   space 5632K, 0% used [0x00000000e1d00000,0x00000000e1d00000,0x00000000e2280000)
 ParOldGen       total 42496K, used 4982K [0x00000000a0000000, 0x00000000a2980000, 0x00000000e0000000)
  object space 42496K, 11% used [0x00000000a0000000,0x00000000a04dd830,0x00000000a2980000)
 Metaspace       used 15919K, capacity 16350K, committed 16640K, reserved 1062912K
  class space    used 2257K, capacity 2435K, committed 2560K, reserved 1048576K
GC Heap History (10 events):
Event: 1.721 GC heap before
{Heap before GC invocations=3 (full 0):
 PSYoungGen      total 18432K, used 18427K [0x00000000e0000000, 0x00000000e1480000, 0x0000000100000000)
  eden space 15872K, 100% used [0x00000000e0000000,0x00000000e0f80000,0x00000000e0f80000)
  from space 2560K, 99% used [0x00000000e1200000,0x00000000e147edd0,0x00000000e1480000)
  to   space 2560K, 0% used [0x00000000e0f80000,0x00000000e0f80000,0x00000000e1200000)
 ParOldGen       total 42496K, used 564K [0x00000000a0000000, 0x00000000a2980000, 0x00000000e0000000)
  object space 42496K, 1% used [0x00000000a0000000,0x00000000a008d1e0,0x00000000a2980000)
 Metaspace       used 6736K, capacity 6944K, committed 7040K, reserved 1056768K
  class space    used 817K, capacity 876K, committed 896K, reserved 1048576K
Event: 1.723 GC heap after
Heap after GC invocations=3 (full 0):
 PSYoungGen      total 18432K, used 2000K [0x00000000e0000000, 0x00000000e1480000, 0x0000000100000000)
  eden space 15872K, 0% used [0x00000000e0000000,0x00000000e0000000,0x00000000e0f80000)
  from space 2560K, 78% used [0x00000000e0f80000,0x00000000e1174030,0x00000000e1200000)
  to   space 2560K, 0% used [0x00000000e1200000,0x00000000e1200000,0x00000000e1480000)
 ParOldGen       total 42496K, used 572K [0x00000000a0000000, 0x00000000a2980000, 0x00000000e0000000)
  object space 42496K, 1% used [0x00000000a0000000,0x00000000a008f1e0,0x00000000a2980000)
 Metaspace       used 6736K, capacity 6944K, committed 7040K, reserved 1056768K
  class space    used 817K, capacity 876K, committed 896K, reserved 1048576K
}
Event: 1.940 GC heap before
{Heap before GC invocations=4 (full 0):
 PSYoungGen      total 18432K, used 17872K [0x00000000e0000000, 0x00000000e1480000, 0x0000000100000000)
  eden space 15872K, 100% used [0x00000000e0000000,0x00000000e0f80000,0x00000000e0f80000)
  from space 2560K, 78% used [0x00000000e0f80000,0x00000000e1174030,0x00000000e1200000)
  to   space 2560K, 0% used [0x00000000e1200000,0x00000000e1200000,0x00000000e1480000)
 ParOldGen       total 42496K, used 572K [0x00000000a0000000, 0x00000000a2980000, 0x00000000e0000000)
  object space 42496K, 1% used [0x00000000a0000000,0x00000000a008f1e0,0x00000000a2980000)
 Metaspace       used 6956K, capacity 7192K, committed 7424K, reserved 1056768K
  class space    used 851K, capacity 916K, committed 1024K, reserved 1048576K
Event: 1.943 GC heap after
Heap after GC invocations=4 (full 0):
 PSYoungGen      total 18432K, used 2544K [0x00000000e0000000, 0x00000000e1480000, 0x0000000100000000)
  eden space 15872K, 0% used [0x00000000e0000000,0x00000000e0000000,0x00000000e0f80000)
  from space 2560K, 99% used [0x00000000e1200000,0x00000000e147c030,0x00000000e1480000)
  to   space 2560K, 0% used [0x00000000e0f80000,0x00000000e0f80000,0x00000000e1200000)
 ParOldGen       total 42496K, used 1081K [0x00000000a0000000, 0x00000000a2980000, 0x00000000e0000000)
  object space 42496K, 2% used [0x00000000a0000000,0x00000000a010e6f8,0x00000000a2980000)
 Metaspace       used 6956K, capacity 7192K, committed 7424K, reserved 1056768K
  class space    used 851K, capacity 916K, committed 1024K, reserved 1048576K
}
Event: 2.136 GC heap before
{Heap before GC invocations=5 (full 0):
 PSYoungGen      total 18432K, used 18416K [0x00000000e0000000, 0x00000000e1480000, 0x0000000100000000)
  eden space 15872K, 100% used [0x00000000e0000000,0x00000000e0f80000,0x00000000e0f80000)
  from space 2560K, 99% used [0x00000000e1200000,0x00000000e147c030,0x00000000e1480000)
  to   space 2560K, 0% used [0x00000000e0f80000,0x00000000e0f80000,0x00000000e1200000)
 ParOldGen       total 42496K, used 1081K [0x00000000a0000000, 0x00000000a2980000, 0x00000000e0000000)
  object space 42496K, 2% used [0x00000000a0000000,0x00000000a010e6f8,0x00000000a2980000)
 Metaspace       used 8989K, capacity 9224K, committed 9472K, reserved 1056768K
  class space    used 1161K, capacity 1260K, committed 1280K, reserved 1048576K
Event: 2.140 GC heap after
Heap after GC invocations=5 (full 0):
 PSYoungGen      total 18432K, used 2528K [0x00000000e0000000, 0x00000000e2800000, 0x0000000100000000)
  eden space 15872K, 0% used [0x00000000e0000000,0x00000000e0000000,0x00000000e0f80000)
  from space 2560K, 98% used [0x00000000e0f80000,0x00000000e11f8040,0x00000000e1200000)
  to   space 4608K, 0% used [0x00000000e2380000,0x00000000e2380000,0x00000000e2800000)
 ParOldGen       total 42496K, used 2641K [0x00000000a0000000, 0x00000000a2980000, 0x00000000e0000000)
  object space 42496K, 6% used [0x00000000a0000000,0x00000000a0294488,0x00000000a2980000)
 Metaspace       used 8989K, capacity 9224K, committed 9472K, reserved 1056768K
  class space    used 1161K, capacity 1260K, committed 1280K, reserved 1048576K
}
Event: 3.560 GC heap before
{Heap before GC invocations=6 (full 0):
 PSYoungGen      total 18432K, used 18400K [0x00000000e0000000, 0x00000000e2800000, 0x0000000100000000)
  eden space 15872K, 100% used [0x00000000e0000000,0x00000000e0f80000,0x00000000e0f80000)
  from space 2560K, 98% used [0x00000000e0f80000,0x00000000e11f8040,0x00000000e1200000)
  to   space 4608K, 0% used [0x00000000e2380000,0x00000000e2380000,0x00000000e2800000)
 ParOldGen       total 42496K, used 2641K [0x00000000a0000000, 0x00000000a2980000, 0x00000000e0000000)
  object space 42496K, 6% used [0x00000000a0000000,0x00000000a0294488,0x00000000a2980000)
 Metaspace       used 12280K, capacity 12682K, committed 12928K, reserved 1060864K
  class space    used 1645K, capacity 1803K, committed 1920K, reserved 1048576K
Event: 3.568 GC heap after
Heap after GC invocations=6 (full 0):
 PSYoungGen      total 20480K, used 4576K [0x00000000e0000000, 0x00000000e2800000, 0x0000000100000000)
  eden space 15872K, 0% used [0x00000000e0000000,0x00000000e0000000,0x00000000e0f80000)
  from space 4608K, 99% used [0x00000000e2380000,0x00000000e27f8020,0x00000000e2800000)
  to   space 5632K, 0% used [0x00000000e1d00000,0x00000000e1d00000,0x00000000e2280000)
 ParOldGen       total 42496K, used 2929K [0x00000000a0000000, 0x00000000a2980000, 0x00000000e0000000)
  object space 42496K, 6% used [0x00000000a0000000,0x00000000a02dc7d0,0x00000000a2980000)
 Metaspace       used 12280K, capacity 12682K, committed 12928K, reserved 1060864K
  class space    used 1645K, capacity 1803K, committed 1920K, reserved 1048576K
}
Event: 3.739 GC heap before
{Heap before GC invocations=7 (full 0):
 PSYoungGen      total 20480K, used 20448K [0x00000000e0000000, 0x00000000e2800000, 0x0000000100000000)
  eden space 15872K, 100% used [0x00000000e0000000,0x00000000e0f80000,0x00000000e0f80000)
  from space 4608K, 99% used [0x00000000e2380000,0x00000000e27f8020,0x00000000e2800000)
  to   space 5632K, 0% used [0x00000000e1d00000,0x00000000e1d00000,0x00000000e2280000)
 ParOldGen       total 42496K, used 2929K [0x00000000a0000000, 0x00000000a2980000, 0x00000000e0000000)
  object space 42496K, 6% used [0x00000000a0000000,0x00000000a02dc7d0,0x00000000a2980000)
 Metaspace       used 13459K, capacity 13904K, committed 14080K, reserved 1060864K
  class space    used 1848K, capacity 1998K, committed 2048K, reserved 1048576K
Event: 3.745 GC heap after
Heap after GC invocations=7 (full 0):
 PSYoungGen      total 35328K, used 3841K [0x00000000e0000000, 0x00000000e2a00000, 0x0000000100000000)
  eden space 29696K, 0% used [0x00000000e0000000,0x00000000e0000000,0x00000000e1d00000)
  from space 5632K, 68% used [0x00000000e1d00000,0x00000000e20c0618,0x00000000e2280000)
  to   space 5632K, 0% used [0x00000000e2480000,0x00000000e2480000,0x00000000e2a00000)
 ParOldGen       total 42496K, used 4294K [0x00000000a0000000, 0x00000000a2980000, 0x00000000e0000000)
  object space 42496K, 10% used [0x00000000a0000000,0x00000000a0431830,0x00000000a2980000)
 Metaspace       used 13459K, capacity 13904K, committed 14080K, reserved 1060864K
  class space    used 1848K, capacity 1998K, committed 2048K, reserved 1048576K
}

