# JRE version: OpenJDK Runtime Environment (8.0_212-b04) (build 1.8.0_212-release-1586-b04)
# Java VM: OpenJDK 64-Bit Server VM (25.212-b04 mixed mode windows-amd64 compressed oops)
Heap:
 PSYoungGen      total 152576K, used 85683K [0x00000000e0000000, 0x00000000ed080000, 0x0000000100000000)
  eden space 136704K, 62% used [0x00000000e0000000,0x00000000e53ace80,0x00000000e8580000)
  from space 15872K, 0% used [0x00000000e8a80000,0x00000000e8a80000,0x00000000e9a00000)
  to   space 38400K, 0% used [0x00000000eab00000,0x00000000eab00000,0x00000000ed080000)
 ParOldGen       total 147968K, used 59348K [0x00000000a0000000, 0x00000000a9080000, 0x00000000e0000000)
  object space 147968K, 40% used [0x00000000a0000000,0x00000000a39f5280,0x00000000a9080000)
 Metaspace       used 93133K, capacity 96704K, committed 97536K, reserved 1134592K
  class space    used 12143K, capacity 12904K, committed 13056K, reserved 1048576K
GC Heap History (10 events):
Event: 1469.147 GC heap before
{Heap before GC invocations=21 (full 3):
 PSYoungGen      total 176128K, used 176103K [0x00000000e0000000, 0x00000000ed680000, 0x0000000100000000)
  eden space 158208K, 100% used [0x00000000e0000000,0x00000000e9a80000,0x00000000e9a80000)
  from space 17920K, 99% used [0x00000000e9a80000,0x00000000eabf9d08,0x00000000eac00000)
  to   space 21504K, 0% used [0x00000000ec180000,0x00000000ec180000,0x00000000ed680000)
 ParOldGen       total 90624K, used 38094K [0x00000000a0000000, 0x00000000a5880000, 0x00000000e0000000)
  object space 90624K, 42% used [0x00000000a0000000,0x00000000a2533b50,0x00000000a5880000)
 Metaspace       used 75662K, capacity 79036K, committed 79232K, reserved 1118208K
  class space    used 10025K, capacity 10777K, committed 10880K, reserved 1048576K
Event: 1469.733 GC heap after
Heap after GC invocations=21 (full 3):
 PSYoungGen      total 174080K, used 21239K [0x00000000e0000000, 0x00000000ed680000, 0x0000000100000000)
  eden space 152576K, 0% used [0x00000000e0000000,0x00000000e0000000,0x00000000e9500000)
  from space 21504K, 98% used [0x00000000ec180000,0x00000000ed63dc10,0x00000000ed680000)
  to   space 25088K, 0% used [0x00000000ea580000,0x00000000ea580000,0x00000000ebe00000)
 ParOldGen       total 90624K, used 38102K [0x00000000a0000000, 0x00000000a5880000, 0x00000000e0000000)
  object space 90624K, 42% used [0x00000000a0000000,0x00000000a2535b50,0x00000000a5880000)
 Metaspace       used 75662K, capacity 79036K, committed 79232K, reserved 1118208K
  class space    used 10025K, capacity 10777K, committed 10880K, reserved 1048576K
}
Event: 1484.125 GC heap before
{Heap before GC invocations=22 (full 3):
 PSYoungGen      total 174080K, used 173815K [0x00000000e0000000, 0x00000000ed680000, 0x0000000100000000)
  eden space 152576K, 100% used [0x00000000e0000000,0x00000000e9500000,0x00000000e9500000)
  from space 21504K, 98% used [0x00000000ec180000,0x00000000ed63dc10,0x00000000ed680000)
  to   space 25088K, 0% used [0x00000000ea580000,0x00000000ea580000,0x00000000ebe00000)
 ParOldGen       total 90624K, used 38102K [0x00000000a0000000, 0x00000000a5880000, 0x00000000e0000000)
  object space 90624K, 42% used [0x00000000a0000000,0x00000000a2535b50,0x00000000a5880000)
 Metaspace       used 78158K, capacity 81654K, committed 81792K, reserved 1120256K
  class space    used 10348K, capacity 11086K, committed 11136K, reserved 1048576K
Event: 1484.200 GC heap after
Heap after GC invocations=22 (full 3):
 PSYoungGen      total 172032K, used 25064K [0x00000000e0000000, 0x00000000ed280000, 0x0000000100000000)
  eden space 146944K, 0% used [0x00000000e0000000,0x00000000e0000000,0x00000000e8f80000)
  from space 25088K, 99% used [0x00000000ea580000,0x00000000ebdfa398,0x00000000ebe00000)
  to   space 20992K, 0% used [0x00000000ebe00000,0x00000000ebe00000,0x00000000ed280000)
 ParOldGen       total 90624K, used 52269K [0x00000000a0000000, 0x00000000a5880000, 0x00000000e0000000)
  object space 90624K, 57% used [0x00000000a0000000,0x00000000a330b608,0x00000000a5880000)
 Metaspace       used 78158K, capacity 81654K, committed 81792K, reserved 1120256K
  class space    used 10348K, capacity 11086K, committed 11136K, reserved 1048576K
}
Event: 1531.163 GC heap before
{Heap before GC invocations=23 (full 3):
 PSYoungGen      total 172032K, used 172008K [0x00000000e0000000, 0x00000000ed280000, 0x0000000100000000)
  eden space 146944K, 100% used [0x00000000e0000000,0x00000000e8f80000,0x00000000e8f80000)
  from space 25088K, 99% used [0x00000000ea580000,0x00000000ebdfa398,0x00000000ebe00000)
  to   space 20992K, 0% used [0x00000000ebe00000,0x00000000ebe00000,0x00000000ed280000)
 ParOldGen       total 90624K, used 52269K [0x00000000a0000000, 0x00000000a5880000, 0x00000000e0000000)
  object space 90624K, 57% used [0x00000000a0000000,0x00000000a330b608,0x00000000a5880000)
 Metaspace       used 80073K, capacity 83746K, committed 83840K, reserved 1122304K
  class space    used 10545K, capacity 11320K, committed 11392K, reserved 1048576K
Event: 1531.230 GC heap after
Heap after GC invocations=23 (full 3):
 PSYoungGen      total 162816K, used 20975K [0x00000000e0000000, 0x00000000ed980000, 0x0000000100000000)
  eden space 141824K, 0% used [0x00000000e0000000,0x00000000e0000000,0x00000000e8a80000)
  from space 20992K, 99% used [0x00000000ebe00000,0x00000000ed27bc28,0x00000000ed280000)
  to   space 40448K, 0% used [0x00000000e8a80000,0x00000000e8a80000,0x00000000eb200000)
 ParOldGen       total 90624K, used 67527K [0x00000000a0000000, 0x00000000a5880000, 0x00000000e0000000)
  object space 90624K, 74% used [0x00000000a0000000,0x00000000a41f1e98,0x00000000a5880000)
 Metaspace       used 80073K, capacity 83746K, committed 83840K, reserved 1122304K
  class space    used 10545K, capacity 11320K, committed 11392K, reserved 1048576K
}
Event: 1550.968 GC heap before
{Heap before GC invocations=24 (full 3):
 PSYoungGen      total 162816K, used 162799K [0x00000000e0000000, 0x00000000ed980000, 0x0000000100000000)
  eden space 141824K, 100% used [0x00000000e0000000,0x00000000e8a80000,0x00000000e8a80000)
  from space 20992K, 99% used [0x00000000ebe00000,0x00000000ed27bc28,0x00000000ed280000)
  to   space 40448K, 0% used [0x00000000e8a80000,0x00000000e8a80000,0x00000000eb200000)
 ParOldGen       total 90624K, used 67543K [0x00000000a0000000, 0x00000000a5880000, 0x00000000e0000000)
  object space 90624K, 74% used [0x00000000a0000000,0x00000000a41f5eb8,0x00000000a5880000)
 Metaspace       used 87255K, capacity 90934K, committed 91008K, reserved 1128448K
  class space    used 11365K, capacity 12156K, committed 12160K, reserved 1048576K
Event: 1551.032 GC heap after
Heap after GC invocations=24 (full 3):
 PSYoungGen      total 152576K, used 15385K [0x00000000e0000000, 0x00000000ed080000, 0x0000000100000000)
  eden space 136704K, 0% used [0x00000000e0000000,0x00000000e0000000,0x00000000e8580000)
  from space 15872K, 96% used [0x00000000e8a80000,0x00000000e99865a0,0x00000000e9a00000)
  to   space 38400K, 0% used [0x00000000eab00000,0x00000000eab00000,0x00000000ed080000)
 ParOldGen       total 90624K, used 79392K [0x00000000a0000000, 0x00000000a5880000, 0x00000000e0000000)
  object space 90624K, 87% used [0x00000000a0000000,0x00000000a4d88108,0x00000000a5880000)
 Metaspace       used 87255K, capacity 90934K, committed 91008K, reserved 1128448K
  class space    used 11365K, capacity 12156K, committed 12160K, reserved 1048576K
}
Event: 1551.032 GC heap before
{Heap before GC invocations=25 (full 4):
 PSYoungGen      total 152576K, used 15385K [0x00000000e0000000, 0x00000000ed080000, 0x0000000100000000)
  eden space 136704K, 0% used [0x00000000e0000000,0x00000000e0000000,0x00000000e8580000)
  from space 15872K, 96% used [0x00000000e8a80000,0x00000000e99865a0,0x00000000e9a00000)
  to   space 38400K, 0% used [0x00000000eab00000,0x00000000eab00000,0x00000000ed080000)
 ParOldGen       total 90624K, used 79392K [0x00000000a0000000, 0x00000000a5880000, 0x00000000e0000000)
  object space 90624K, 87% used [0x00000000a0000000,0x00000000a4d88108,0x00000000a5880000)
 Metaspace       used 87255K, capacity 90934K, committed 91008K, reserved 1128448K
  class space    used 11365K, capacity 12156K, committed 12160K, reserved 1048576K
Event: 1551.721 GC heap after
Heap after GC invocations=25 (full 4):
 PSYoungGen      total 152576K, used 0K [0x00000000e0000000, 0x00000000ed080000, 0x0000000100000000)
  eden space 136704K, 0% used [0x00000000e0000000,0x00000000e0000000,0x00000000e8580000)
  from space 15872K, 0% used [0x00000000e8a80000,0x00000000e8a80000,0x00000000e9a00000)
  to   space 38400K, 0% used [0x00000000eab00000,0x00000000eab00000,0x00000000ed080000)
 ParOldGen       total 147968K, used 59348K [0x00000000a0000000, 0x00000000a9080000, 0x00000000e0000000)
  object space 147968K, 40% used [0x00000000a0000000,0x00000000a39f5280,0x00000000a9080000)
 Metaspace       used 86233K, capacity 89056K, committed 91008K, reserved 1128448K
  class space    used 11164K, capacity 11794K, committed 12160K, reserved 1048576K
}

