# JRE version: OpenJDK Runtime Environment (8.0_212-b04) (build 1.8.0_212-release-1586-b04)
# Java VM: OpenJDK 64-Bit Server VM (25.212-b04 mixed mode windows-amd64 compressed oops)
Heap:
 PSYoungGen      total 240128K, used 158506K [0x00000000e0000000, 0x00000000f2280000, 0x0000000100000000)
  eden space 216064K, 68% used [0x00000000e0000000,0x00000000e8fa1e10,0x00000000ed300000)
  from space 24064K, 47% used [0x00000000ed300000,0x00000000ede28a38,0x00000000eea80000)
  to   space 23040K, 0% used [0x00000000f0c00000,0x00000000f0c00000,0x00000000f2280000)
 ParOldGen       total 106496K, used 53765K [0x00000000a0000000, 0x00000000a6800000, 0x00000000e0000000)
  object space 106496K, 50% used [0x00000000a0000000,0x00000000a3481750,0x00000000a6800000)
 Metaspace       used 91281K, capacity 97650K, committed 98752K, reserved 1134592K
  class space    used 11683K, capacity 12756K, committed 13056K, reserved 1048576K
GC Heap History (10 events):
Event: 16320.642 GC heap before
{Heap before GC invocations=103 (full 4):
 PSYoungGen      total 179712K, used 164193K [0x00000000e0000000, 0x00000000ec700000, 0x0000000100000000)
  eden space 156672K, 100% used [0x00000000e0000000,0x00000000e9900000,0x00000000e9900000)
  from space 23040K, 32% used [0x00000000eb080000,0x00000000eb7d8438,0x00000000ec700000)
  to   space 23552K, 0% used [0x00000000e9900000,0x00000000e9900000,0x00000000eb000000)
 ParOldGen       total 106496K, used 52833K [0x00000000a0000000, 0x00000000a6800000, 0x00000000e0000000)
  object space 106496K, 49% used [0x00000000a0000000,0x00000000a33986d0,0x00000000a6800000)
 Metaspace       used 91052K, capacity 97450K, committed 98752K, reserved 1134592K
  class space    used 11680K, capacity 12756K, committed 13056K, reserved 1048576K
Event: 16320.676 GC heap after
Heap after GC invocations=103 (full 4):
 PSYoungGen      total 180224K, used 17124K [0x00000000e0000000, 0x00000000ee600000, 0x0000000100000000)
  eden space 156672K, 0% used [0x00000000e0000000,0x00000000e0000000,0x00000000e9900000)
  from space 23552K, 72% used [0x00000000e9900000,0x00000000ea9b9210,0x00000000eb000000)
  to   space 24576K, 0% used [0x00000000ece00000,0x00000000ece00000,0x00000000ee600000)
 ParOldGen       total 106496K, used 52833K [0x00000000a0000000, 0x00000000a6800000, 0x00000000e0000000)
  object space 106496K, 49% used [0x00000000a0000000,0x00000000a33986d0,0x00000000a6800000)
 Metaspace       used 91052K, capacity 97450K, committed 98752K, reserved 1134592K
  class space    used 11680K, capacity 12756K, committed 13056K, reserved 1048576K
}
Event: 16405.291 GC heap before
{Heap before GC invocations=104 (full 4):
 PSYoungGen      total 180224K, used 173796K [0x00000000e0000000, 0x00000000ee600000, 0x0000000100000000)
  eden space 156672K, 100% used [0x00000000e0000000,0x00000000e9900000,0x00000000e9900000)
  from space 23552K, 72% used [0x00000000e9900000,0x00000000ea9b9210,0x00000000eb000000)
  to   space 24576K, 0% used [0x00000000ece00000,0x00000000ece00000,0x00000000ee600000)
 ParOldGen       total 106496K, used 52833K [0x00000000a0000000, 0x00000000a6800000, 0x00000000e0000000)
  object space 106496K, 49% used [0x00000000a0000000,0x00000000a33986d0,0x00000000a6800000)
 Metaspace       used 91078K, capacity 97450K, committed 98752K, reserved 1134592K
  class space    used 11680K, capacity 12756K, committed 13056K, reserved 1048576K
Event: 16405.319 GC heap after
Heap after GC invocations=104 (full 4):
 PSYoungGen      total 208896K, used 20524K [0x00000000e0000000, 0x00000000ee980000, 0x0000000100000000)
  eden space 184320K, 0% used [0x00000000e0000000,0x00000000e0000000,0x00000000eb400000)
  from space 24576K, 83% used [0x00000000ece00000,0x00000000ee20b190,0x00000000ee600000)
  to   space 26624K, 0% used [0x00000000eb400000,0x00000000eb400000,0x00000000ece00000)
 ParOldGen       total 106496K, used 52833K [0x00000000a0000000, 0x00000000a6800000, 0x00000000e0000000)
  object space 106496K, 49% used [0x00000000a0000000,0x00000000a33986d0,0x00000000a6800000)
 Metaspace       used 91078K, capacity 97450K, committed 98752K, reserved 1134592K
  class space    used 11680K, capacity 12756K, committed 13056K, reserved 1048576K
}
Event: 16467.154 GC heap before
{Heap before GC invocations=105 (full 4):
 PSYoungGen      total 208896K, used 204844K [0x00000000e0000000, 0x00000000ee980000, 0x0000000100000000)
  eden space 184320K, 100% used [0x00000000e0000000,0x00000000eb400000,0x00000000eb400000)
  from space 24576K, 83% used [0x00000000ece00000,0x00000000ee20b190,0x00000000ee600000)
  to   space 26624K, 0% used [0x00000000eb400000,0x00000000eb400000,0x00000000ece00000)
 ParOldGen       total 106496K, used 52833K [0x00000000a0000000, 0x00000000a6800000, 0x00000000e0000000)
  object space 106496K, 49% used [0x00000000a0000000,0x00000000a33986d0,0x00000000a6800000)
 Metaspace       used 91182K, capacity 97578K, committed 98752K, reserved 1134592K
  class space    used 11680K, capacity 12756K, committed 13056K, reserved 1048576K
Event: 16467.185 GC heap after
Heap after GC invocations=105 (full 4):
 PSYoungGen      total 210944K, used 12850K [0x00000000e0000000, 0x00000000f0500000, 0x0000000100000000)
  eden space 184320K, 0% used [0x00000000e0000000,0x00000000e0000000,0x00000000eb400000)
  from space 26624K, 48% used [0x00000000eb400000,0x00000000ec08ca70,0x00000000ece00000)
  to   space 25088K, 0% used [0x00000000eec80000,0x00000000eec80000,0x00000000f0500000)
 ParOldGen       total 106496K, used 52841K [0x00000000a0000000, 0x00000000a6800000, 0x00000000e0000000)
  object space 106496K, 49% used [0x00000000a0000000,0x00000000a339a6d0,0x00000000a6800000)
 Metaspace       used 91182K, capacity 97578K, committed 98752K, reserved 1134592K
  class space    used 11680K, capacity 12756K, committed 13056K, reserved 1048576K
}
Event: 16826.132 GC heap before
{Heap before GC invocations=106 (full 4):
 PSYoungGen      total 210944K, used 197170K [0x00000000e0000000, 0x00000000f0500000, 0x0000000100000000)
  eden space 184320K, 100% used [0x00000000e0000000,0x00000000eb400000,0x00000000eb400000)
  from space 26624K, 48% used [0x00000000eb400000,0x00000000ec08ca70,0x00000000ece00000)
  to   space 25088K, 0% used [0x00000000eec80000,0x00000000eec80000,0x00000000f0500000)
 ParOldGen       total 106496K, used 52841K [0x00000000a0000000, 0x00000000a6800000, 0x00000000e0000000)
  object space 106496K, 49% used [0x00000000a0000000,0x00000000a339a6d0,0x00000000a6800000)
 Metaspace       used 91224K, capacity 97646K, committed 98752K, reserved 1134592K
  class space    used 11681K, capacity 12756K, committed 13056K, reserved 1048576K
Event: 16826.158 GC heap after
Heap after GC invocations=106 (full 4):
 PSYoungGen      total 238080K, used 11297K [0x00000000e0000000, 0x00000000f0200000, 0x0000000100000000)
  eden space 216064K, 0% used [0x00000000e0000000,0x00000000e0000000,0x00000000ed300000)
  from space 22016K, 51% used [0x00000000eec80000,0x00000000ef788498,0x00000000f0200000)
  to   space 24064K, 0% used [0x00000000ed300000,0x00000000ed300000,0x00000000eea80000)
 ParOldGen       total 106496K, used 53725K [0x00000000a0000000, 0x00000000a6800000, 0x00000000e0000000)
  object space 106496K, 50% used [0x00000000a0000000,0x00000000a3477750,0x00000000a6800000)
 Metaspace       used 91224K, capacity 97646K, committed 98752K, reserved 1134592K
  class space    used 11681K, capacity 12756K, committed 13056K, reserved 1048576K
}
Event: 18208.894 GC heap before
{Heap before GC invocations=107 (full 4):
 PSYoungGen      total 238080K, used 227361K [0x00000000e0000000, 0x00000000f0200000, 0x0000000100000000)
  eden space 216064K, 100% used [0x00000000e0000000,0x00000000ed300000,0x00000000ed300000)
  from space 22016K, 51% used [0x00000000eec80000,0x00000000ef788498,0x00000000f0200000)
  to   space 24064K, 0% used [0x00000000ed300000,0x00000000ed300000,0x00000000eea80000)
 ParOldGen       total 106496K, used 53725K [0x00000000a0000000, 0x00000000a6800000, 0x00000000e0000000)
  object space 106496K, 50% used [0x00000000a0000000,0x00000000a3477750,0x00000000a6800000)
 Metaspace       used 91277K, capacity 97650K, committed 98752K, reserved 1134592K
  class space    used 11683K, capacity 12756K, committed 13056K, reserved 1048576K
Event: 18209.149 GC heap after
Heap after GC invocations=107 (full 4):
 PSYoungGen      total 240128K, used 11426K [0x00000000e0000000, 0x00000000f2280000, 0x0000000100000000)
  eden space 216064K, 0% used [0x00000000e0000000,0x00000000e0000000,0x00000000ed300000)
  from space 24064K, 47% used [0x00000000ed300000,0x00000000ede28a38,0x00000000eea80000)
  to   space 23040K, 0% used [0x00000000f0c00000,0x00000000f0c00000,0x00000000f2280000)
 ParOldGen       total 106496K, used 53765K [0x00000000a0000000, 0x00000000a6800000, 0x00000000e0000000)
  object space 106496K, 50% used [0x00000000a0000000,0x00000000a3481750,0x00000000a6800000)
 Metaspace       used 91277K, capacity 97650K, committed 98752K, reserved 1134592K
  class space    used 11683K, capacity 12756K, committed 13056K, reserved 1048576K
}

