# JRE version: OpenJDK Runtime Environment (8.0_212-b04) (build 1.8.0_212-release-1586-b04)
# Java VM: OpenJDK 64-Bit Server VM (25.212-b04 mixed mode windows-amd64 compressed oops)
Heap:
 PSYoungGen      total 165888K, used 30617K [0x00000000e0000000, 0x00000000ebf80000, 0x0000000100000000)
  eden space 140800K, 15% used [0x00000000e0000000,0x00000000e15b2ac0,0x00000000e8980000)
  from space 25088K, 33% used [0x00000000ea700000,0x00000000eaf33bb0,0x00000000ebf80000)
  to   space 27648K, 0% used [0x00000000e8980000,0x00000000e8980000,0x00000000ea480000)
 ParOldGen       total 145920K, used 75251K [0x00000000a0000000, 0x00000000a8e80000, 0x00000000e0000000)
  object space 145920K, 51% used [0x00000000a0000000,0x00000000a497ccf0,0x00000000a8e80000)
 Metaspace       used 92168K, capacity 98816K, committed 99072K, reserved 1134592K
  class space    used 11818K, capacity 12947K, committed 13056K, reserved 1048576K
GC Heap History (10 events):
Event: 9556.634 GC heap before
{Heap before GC invocations=76 (full 4):
 PSYoungGen      total 126976K, used 105520K [0x00000000e0000000, 0x00000000ea400000, 0x0000000100000000)
  eden space 98304K, 100% used [0x00000000e0000000,0x00000000e6000000,0x00000000e6000000)
  from space 28672K, 25% used [0x00000000e6000000,0x00000000e670c030,0x00000000e7c00000)
  to   space 27648K, 0% used [0x00000000e8900000,0x00000000e8900000,0x00000000ea400000)
 ParOldGen       total 145920K, used 74995K [0x00000000a0000000, 0x00000000a8e80000, 0x00000000e0000000)
  object space 145920K, 51% used [0x00000000a0000000,0x00000000a493ccf0,0x00000000a8e80000)
 Metaspace       used 90622K, capacity 97186K, committed 97280K, reserved 1134592K
  class space    used 11669K, capacity 12776K, committed 12800K, reserved 1048576K
Event: 9556.695 GC heap after
Heap after GC invocations=76 (full 4):
 PSYoungGen      total 136704K, used 24358K [0x00000000e0000000, 0x00000000eaa00000, 0x0000000100000000)
  eden space 109056K, 0% used [0x00000000e0000000,0x00000000e0000000,0x00000000e6a80000)
  from space 27648K, 88% used [0x00000000e8900000,0x00000000ea0c9b50,0x00000000ea400000)
  to   space 31232K, 0% used [0x00000000e6a80000,0x00000000e6a80000,0x00000000e8900000)
 ParOldGen       total 145920K, used 75027K [0x00000000a0000000, 0x00000000a8e80000, 0x00000000e0000000)
  object space 145920K, 51% used [0x00000000a0000000,0x00000000a4944cf0,0x00000000a8e80000)
 Metaspace       used 90622K, capacity 97186K, committed 97280K, reserved 1134592K
  class space    used 11669K, capacity 12776K, committed 12800K, reserved 1048576K
}
Event: 9563.771 GC heap before
{Heap before GC invocations=77 (full 4):
 PSYoungGen      total 136704K, used 133414K [0x00000000e0000000, 0x00000000eaa00000, 0x0000000100000000)
  eden space 109056K, 100% used [0x00000000e0000000,0x00000000e6a80000,0x00000000e6a80000)
  from space 27648K, 88% used [0x00000000e8900000,0x00000000ea0c9b50,0x00000000ea400000)
  to   space 31232K, 0% used [0x00000000e6a80000,0x00000000e6a80000,0x00000000e8900000)
 ParOldGen       total 145920K, used 75027K [0x00000000a0000000, 0x00000000a8e80000, 0x00000000e0000000)
  object space 145920K, 51% used [0x00000000a0000000,0x00000000a4944cf0,0x00000000a8e80000)
 Metaspace       used 91028K, capacity 97590K, committed 97920K, reserved 1134592K
  class space    used 11706K, capacity 12814K, committed 12928K, reserved 1048576K
Event: 9563.880 GC heap after
Heap after GC invocations=77 (full 4):
 PSYoungGen      total 140288K, used 14618K [0x00000000e0000000, 0x00000000eb380000, 0x0000000100000000)
  eden space 109056K, 0% used [0x00000000e0000000,0x00000000e0000000,0x00000000e6a80000)
  from space 31232K, 46% used [0x00000000e6a80000,0x00000000e78c69a0,0x00000000e8900000)
  to   space 30208K, 0% used [0x00000000e9600000,0x00000000e9600000,0x00000000eb380000)
 ParOldGen       total 145920K, used 75059K [0x00000000a0000000, 0x00000000a8e80000, 0x00000000e0000000)
  object space 145920K, 51% used [0x00000000a0000000,0x00000000a494ccf0,0x00000000a8e80000)
 Metaspace       used 91028K, capacity 97590K, committed 97920K, reserved 1134592K
  class space    used 11706K, capacity 12814K, committed 12928K, reserved 1048576K
}
Event: 9565.734 GC heap before
{Heap before GC invocations=78 (full 4):
 PSYoungGen      total 140288K, used 123674K [0x00000000e0000000, 0x00000000eb380000, 0x0000000100000000)
  eden space 109056K, 100% used [0x00000000e0000000,0x00000000e6a80000,0x00000000e6a80000)
  from space 31232K, 46% used [0x00000000e6a80000,0x00000000e78c69a0,0x00000000e8900000)
  to   space 30208K, 0% used [0x00000000e9600000,0x00000000e9600000,0x00000000eb380000)
 ParOldGen       total 145920K, used 75059K [0x00000000a0000000, 0x00000000a8e80000, 0x00000000e0000000)
  object space 145920K, 51% used [0x00000000a0000000,0x00000000a494ccf0,0x00000000a8e80000)
 Metaspace       used 91319K, capacity 97850K, committed 98176K, reserved 1134592K
  class space    used 11709K, capacity 12814K, committed 12928K, reserved 1048576K
Event: 9565.761 GC heap after
Heap after GC invocations=78 (full 4):
 PSYoungGen      total 150528K, used 10793K [0x00000000e0000000, 0x00000000eb080000, 0x0000000100000000)
  eden space 123392K, 0% used [0x00000000e0000000,0x00000000e0000000,0x00000000e7880000)
  from space 27136K, 39% used [0x00000000e9600000,0x00000000ea08a508,0x00000000eb080000)
  to   space 28672K, 0% used [0x00000000e7880000,0x00000000e7880000,0x00000000e9480000)
 ParOldGen       total 145920K, used 75123K [0x00000000a0000000, 0x00000000a8e80000, 0x00000000e0000000)
  object space 145920K, 51% used [0x00000000a0000000,0x00000000a495ccf0,0x00000000a8e80000)
 Metaspace       used 91319K, capacity 97850K, committed 98176K, reserved 1134592K
  class space    used 11709K, capacity 12814K, committed 12928K, reserved 1048576K
}
Event: 9570.983 GC heap before
{Heap before GC invocations=79 (full 4):
 PSYoungGen      total 150528K, used 134100K [0x00000000e0000000, 0x00000000eb080000, 0x0000000100000000)
  eden space 123392K, 99% used [0x00000000e0000000,0x00000000e786ae00,0x00000000e7880000)
  from space 27136K, 39% used [0x00000000e9600000,0x00000000ea08a508,0x00000000eb080000)
  to   space 28672K, 0% used [0x00000000e7880000,0x00000000e7880000,0x00000000e9480000)
 ParOldGen       total 145920K, used 75123K [0x00000000a0000000, 0x00000000a8e80000, 0x00000000e0000000)
  object space 145920K, 51% used [0x00000000a0000000,0x00000000a495ccf0,0x00000000a8e80000)
 Metaspace       used 91337K, capacity 97850K, committed 98176K, reserved 1134592K
  class space    used 11709K, capacity 12814K, committed 12928K, reserved 1048576K
Event: 9571.310 GC heap after
Heap after GC invocations=79 (full 4):
 PSYoungGen      total 152064K, used 16312K [0x00000000e0000000, 0x00000000ec300000, 0x0000000100000000)
  eden space 123392K, 0% used [0x00000000e0000000,0x00000000e0000000,0x00000000e7880000)
  from space 28672K, 56% used [0x00000000e7880000,0x00000000e886e068,0x00000000e9480000)
  to   space 28672K, 0% used [0x00000000ea700000,0x00000000ea700000,0x00000000ec300000)
 ParOldGen       total 145920K, used 75155K [0x00000000a0000000, 0x00000000a8e80000, 0x00000000e0000000)
  object space 145920K, 51% used [0x00000000a0000000,0x00000000a4964cf0,0x00000000a8e80000)
 Metaspace       used 91337K, capacity 97850K, committed 98176K, reserved 1134592K
  class space    used 11709K, capacity 12814K, committed 12928K, reserved 1048576K
}
Event: 12039.499 GC heap before
{Heap before GC invocations=80 (full 4):
 PSYoungGen      total 152064K, used 139704K [0x00000000e0000000, 0x00000000ec300000, 0x0000000100000000)
  eden space 123392K, 100% used [0x00000000e0000000,0x00000000e7880000,0x00000000e7880000)
  from space 28672K, 56% used [0x00000000e7880000,0x00000000e886e068,0x00000000e9480000)
  to   space 28672K, 0% used [0x00000000ea700000,0x00000000ea700000,0x00000000ec300000)
 ParOldGen       total 145920K, used 75155K [0x00000000a0000000, 0x00000000a8e80000, 0x00000000e0000000)
  object space 145920K, 51% used [0x00000000a0000000,0x00000000a4964cf0,0x00000000a8e80000)
 Metaspace       used 91508K, capacity 98146K, committed 98432K, reserved 1134592K
  class space    used 11738K, capacity 12872K, committed 12928K, reserved 1048576K
Event: 12040.517 GC heap after
Heap after GC invocations=80 (full 4):
 PSYoungGen      total 165888K, used 8398K [0x00000000e0000000, 0x00000000ebf80000, 0x0000000100000000)
  eden space 140800K, 0% used [0x00000000e0000000,0x00000000e0000000,0x00000000e8980000)
  from space 25088K, 33% used [0x00000000ea700000,0x00000000eaf33bb0,0x00000000ebf80000)
  to   space 27648K, 0% used [0x00000000e8980000,0x00000000e8980000,0x00000000ea480000)
 ParOldGen       total 145920K, used 75251K [0x00000000a0000000, 0x00000000a8e80000, 0x00000000e0000000)
  object space 145920K, 51% used [0x00000000a0000000,0x00000000a497ccf0,0x00000000a8e80000)
 Metaspace       used 91508K, capacity 98146K, committed 98432K, reserved 1134592K
  class space    used 11738K, capacity 12872K, committed 12928K, reserved 1048576K
}

