# JRE version: OpenJDK Runtime Environment (8.0_212-b04) (build 1.8.0_212-release-1586-b04)
# Java VM: OpenJDK 64-Bit Server VM (25.212-b04 mixed mode windows-amd64 compressed oops)
Heap:
 PSYoungGen      total 472576K, used 7662K [0x00000000e0000000, 0x00000000ff180000, 0x0000000100000000)
  eden space 441856K, 0% used [0x00000000e0000000,0x00000000e024ad00,0x00000000faf80000)
  from space 30720K, 17% used [0x00000000fd380000,0x00000000fd8b0c60,0x00000000ff180000)
  to   space 33792K, 0% used [0x00000000faf80000,0x00000000faf80000,0x00000000fd080000)
 ParOldGen       total 190976K, used 134633K [0x00000000a0000000, 0x00000000aba80000, 0x00000000e0000000)
  object space 190976K, 70% used [0x00000000a0000000,0x00000000a837a760,0x00000000aba80000)
 Metaspace       used 121296K, capacity 125898K, committed 129024K, reserved 1161216K
  class space    used 15290K, capacity 16213K, committed 16896K, reserved 1048576K
GC Heap History (10 events):
Event: 2111.129 GC heap before
{Heap before GC invocations=71 (full 5):
 PSYoungGen      total 369664K, used 330929K [0x00000000e0000000, 0x00000000fb700000, 0x0000000100000000)
  eden space 327168K, 100% used [0x00000000e0000000,0x00000000f3f80000,0x00000000f3f80000)
  from space 42496K, 8% used [0x00000000f3f80000,0x00000000f432c578,0x00000000f6900000)
  to   space 41472K, 0% used [0x00000000f8e80000,0x00000000f8e80000,0x00000000fb700000)
 ParOldGen       total 190976K, used 118673K [0x00000000a0000000, 0x00000000aba80000, 0x00000000e0000000)
  object space 190976K, 62% used [0x00000000a0000000,0x00000000a73e4468,0x00000000aba80000)
 Metaspace       used 121172K, capacity 125726K, committed 129024K, reserved 1161216K
  class space    used 15283K, capacity 16181K, committed 16896K, reserved 1048576K
Event: 2111.160 GC heap after
Heap after GC invocations=71 (full 5):
 PSYoungGen      total 400896K, used 7064K [0x00000000e0000000, 0x00000000fb200000, 0x0000000100000000)
  eden space 364544K, 0% used [0x00000000e0000000,0x00000000e0000000,0x00000000f6400000)
  from space 36352K, 19% used [0x00000000f8e80000,0x00000000f95660b8,0x00000000fb200000)
  to   space 39936K, 0% used [0x00000000f6400000,0x00000000f6400000,0x00000000f8b00000)
 ParOldGen       total 190976K, used 121545K [0x00000000a0000000, 0x00000000aba80000, 0x00000000e0000000)
  object space 190976K, 63% used [0x00000000a0000000,0x00000000a76b27b8,0x00000000aba80000)
 Metaspace       used 121172K, capacity 125726K, committed 129024K, reserved 1161216K
  class space    used 15283K, capacity 16181K, committed 16896K, reserved 1048576K
}
Event: 2115.328 GC heap before
{Heap before GC invocations=72 (full 5):
 PSYoungGen      total 400896K, used 371608K [0x00000000e0000000, 0x00000000fb200000, 0x0000000100000000)
  eden space 364544K, 100% used [0x00000000e0000000,0x00000000f6400000,0x00000000f6400000)
  from space 36352K, 19% used [0x00000000f8e80000,0x00000000f95660b8,0x00000000fb200000)
  to   space 39936K, 0% used [0x00000000f6400000,0x00000000f6400000,0x00000000f8b00000)
 ParOldGen       total 190976K, used 121545K [0x00000000a0000000, 0x00000000aba80000, 0x00000000e0000000)
  object space 190976K, 63% used [0x00000000a0000000,0x00000000a76b27b8,0x00000000aba80000)
 Metaspace       used 121244K, capacity 125826K, committed 129024K, reserved 1161216K
  class space    used 15288K, capacity 16213K, committed 16896K, reserved 1048576K
Event: 2115.356 GC heap after
Heap after GC invocations=72 (full 5):
 PSYoungGen      total 404480K, used 8224K [0x00000000e0000000, 0x00000000fd380000, 0x0000000100000000)
  eden space 364544K, 0% used [0x00000000e0000000,0x00000000e0000000,0x00000000f6400000)
  from space 39936K, 20% used [0x00000000f6400000,0x00000000f6c080d0,0x00000000f8b00000)
  to   space 37888K, 0% used [0x00000000fae80000,0x00000000fae80000,0x00000000fd380000)
 ParOldGen       total 190976K, used 123982K [0x00000000a0000000, 0x00000000aba80000, 0x00000000e0000000)
  object space 190976K, 64% used [0x00000000a0000000,0x00000000a7913b40,0x00000000aba80000)
 Metaspace       used 121244K, capacity 125826K, committed 129024K, reserved 1161216K
  class space    used 15288K, capacity 16213K, committed 16896K, reserved 1048576K
}
Event: 2117.943 GC heap before
{Heap before GC invocations=73 (full 5):
 PSYoungGen      total 404480K, used 372768K [0x00000000e0000000, 0x00000000fd380000, 0x0000000100000000)
  eden space 364544K, 100% used [0x00000000e0000000,0x00000000f6400000,0x00000000f6400000)
  from space 39936K, 20% used [0x00000000f6400000,0x00000000f6c080d0,0x00000000f8b00000)
  to   space 37888K, 0% used [0x00000000fae80000,0x00000000fae80000,0x00000000fd380000)
 ParOldGen       total 190976K, used 123982K [0x00000000a0000000, 0x00000000aba80000, 0x00000000e0000000)
  object space 190976K, 64% used [0x00000000a0000000,0x00000000a7913b40,0x00000000aba80000)
 Metaspace       used 121256K, capacity 125830K, committed 129024K, reserved 1161216K
  class space    used 15288K, capacity 16213K, committed 16896K, reserved 1048576K
Event: 2117.974 GC heap after
Heap after GC invocations=73 (full 5):
 PSYoungGen      total 437760K, used 4908K [0x00000000e0000000, 0x00000000fd100000, 0x0000000100000000)
  eden space 402432K, 0% used [0x00000000e0000000,0x00000000e0000000,0x00000000f8900000)
  from space 35328K, 13% used [0x00000000fae80000,0x00000000fb34b028,0x00000000fd100000)
  to   space 36864K, 0% used [0x00000000f8900000,0x00000000f8900000,0x00000000fad00000)
 ParOldGen       total 190976K, used 129254K [0x00000000a0000000, 0x00000000aba80000, 0x00000000e0000000)
  object space 190976K, 67% used [0x00000000a0000000,0x00000000a7e39858,0x00000000aba80000)
 Metaspace       used 121256K, capacity 125830K, committed 129024K, reserved 1161216K
  class space    used 15288K, capacity 16213K, committed 16896K, reserved 1048576K
}
Event: 2120.868 GC heap before
{Heap before GC invocations=74 (full 5):
 PSYoungGen      total 437760K, used 407340K [0x00000000e0000000, 0x00000000fd100000, 0x0000000100000000)
  eden space 402432K, 100% used [0x00000000e0000000,0x00000000f8900000,0x00000000f8900000)
  from space 35328K, 13% used [0x00000000fae80000,0x00000000fb34b028,0x00000000fd100000)
  to   space 36864K, 0% used [0x00000000f8900000,0x00000000f8900000,0x00000000fad00000)
 ParOldGen       total 190976K, used 129254K [0x00000000a0000000, 0x00000000aba80000, 0x00000000e0000000)
  object space 190976K, 67% used [0x00000000a0000000,0x00000000a7e39858,0x00000000aba80000)
 Metaspace       used 121272K, capacity 125894K, committed 129024K, reserved 1161216K
  class space    used 15289K, capacity 16213K, committed 16896K, reserved 1048576K
Event: 2120.907 GC heap after
Heap after GC invocations=74 (full 5):
 PSYoungGen      total 439296K, used 12777K [0x00000000e0000000, 0x00000000ff580000, 0x0000000100000000)
  eden space 402432K, 0% used [0x00000000e0000000,0x00000000e0000000,0x00000000f8900000)
  from space 36864K, 34% used [0x00000000f8900000,0x00000000f957a590,0x00000000fad00000)
  to   space 34816K, 0% used [0x00000000fd380000,0x00000000fd380000,0x00000000ff580000)
 ParOldGen       total 190976K, used 130055K [0x00000000a0000000, 0x00000000aba80000, 0x00000000e0000000)
  object space 190976K, 68% used [0x00000000a0000000,0x00000000a7f01fb0,0x00000000aba80000)
 Metaspace       used 121272K, capacity 125894K, committed 129024K, reserved 1161216K
  class space    used 15289K, capacity 16213K, committed 16896K, reserved 1048576K
}
Event: 2123.030 GC heap before
{Heap before GC invocations=75 (full 5):
 PSYoungGen      total 439296K, used 415209K [0x00000000e0000000, 0x00000000ff580000, 0x0000000100000000)
  eden space 402432K, 100% used [0x00000000e0000000,0x00000000f8900000,0x00000000f8900000)
  from space 36864K, 34% used [0x00000000f8900000,0x00000000f957a590,0x00000000fad00000)
  to   space 34816K, 0% used [0x00000000fd380000,0x00000000fd380000,0x00000000ff580000)
 ParOldGen       total 190976K, used 130055K [0x00000000a0000000, 0x00000000aba80000, 0x00000000e0000000)
  object space 190976K, 68% used [0x00000000a0000000,0x00000000a7f01fb0,0x00000000aba80000)
 Metaspace       used 121296K, capacity 125898K, committed 129024K, reserved 1161216K
  class space    used 15290K, capacity 16213K, committed 16896K, reserved 1048576K
Event: 2123.046 GC heap after
Heap after GC invocations=75 (full 5):
 PSYoungGen      total 472576K, used 5315K [0x00000000e0000000, 0x00000000ff180000, 0x0000000100000000)
  eden space 441856K, 0% used [0x00000000e0000000,0x00000000e0000000,0x00000000faf80000)
  from space 30720K, 17% used [0x00000000fd380000,0x00000000fd8b0c60,0x00000000ff180000)
  to   space 33792K, 0% used [0x00000000faf80000,0x00000000faf80000,0x00000000fd080000)
 ParOldGen       total 190976K, used 134633K [0x00000000a0000000, 0x00000000aba80000, 0x00000000e0000000)
  object space 190976K, 70% used [0x00000000a0000000,0x00000000a837a760,0x00000000aba80000)
 Metaspace       used 121296K, capacity 125898K, committed 129024K, reserved 1161216K
  class space    used 15290K, capacity 16213K, committed 16896K, reserved 1048576K
}

