# JRE version: OpenJDK Runtime Environment (8.0_212-b04) (build 1.8.0_212-release-1586-b04)
# Java VM: OpenJDK 64-Bit Server VM (25.212-b04 mixed mode windows-amd64 compressed oops)
Heap:
 PSYoungGen      total 199680K, used 71200K [0x00000000e0000000, 0x00000000edc00000, 0x0000000100000000)
  eden space 180224K, 32% used [0x00000000e0000000,0x00000000e3962ac0,0x00000000eb000000)
  from space 19456K, 63% used [0x00000000ec900000,0x00000000ed5258e0,0x00000000edc00000)
  to   space 22528K, 0% used [0x00000000eb000000,0x00000000eb000000,0x00000000ec600000)
 ParOldGen       total 81920K, used 56903K [0x00000000a0000000, 0x00000000a5000000, 0x00000000e0000000)
  object space 81920K, 69% used [0x00000000a0000000,0x00000000a3791db0,0x00000000a5000000)
 Metaspace       used 69624K, capacity 71974K, committed 72064K, reserved 1112064K
  class space    used 9056K, capacity 9570K, committed 9600K, reserved 1048576K
GC Heap History (10 events):
Event: 42.147 GC heap before
{Heap before GC invocations=17 (full 2):
 PSYoungGen      total 149504K, used 79691K [0x00000000e0000000, 0x00000000ea180000, 0x0000000100000000)
  eden space 137728K, 49% used [0x00000000e0000000,0x00000000e42fb0d0,0x00000000e8680000)
  from space 11776K, 94% used [0x00000000e9600000,0x00000000ea0d7d68,0x00000000ea180000)
  to   space 13824K, 0% used [0x00000000e8680000,0x00000000e8680000,0x00000000e9400000)
 ParOldGen       total 54784K, used 31242K [0x00000000a0000000, 0x00000000a3580000, 0x00000000e0000000)
  object space 54784K, 57% used [0x00000000a0000000,0x00000000a1e82a70,0x00000000a3580000)
 Metaspace       used 57239K, capacity 58952K, committed 59096K, reserved 1099776K
  class space    used 7524K, capacity 7947K, committed 8064K, reserved 1048576K
Event: 42.163 GC heap after
Heap after GC invocations=17 (full 2):
 PSYoungGen      total 151552K, used 7248K [0x00000000e0000000, 0x00000000eb900000, 0x0000000100000000)
  eden space 137728K, 0% used [0x00000000e0000000,0x00000000e0000000,0x00000000e8680000)
  from space 13824K, 52% used [0x00000000e8680000,0x00000000e8d94328,0x00000000e9400000)
  to   space 13312K, 0% used [0x00000000eac00000,0x00000000eac00000,0x00000000eb900000)
 ParOldGen       total 54784K, used 31250K [0x00000000a0000000, 0x00000000a3580000, 0x00000000e0000000)
  object space 54784K, 57% used [0x00000000a0000000,0x00000000a1e84a70,0x00000000a3580000)
 Metaspace       used 57239K, capacity 58952K, committed 59096K, reserved 1099776K
  class space    used 7524K, capacity 7947K, committed 8064K, reserved 1048576K
}
Event: 42.163 GC heap before
{Heap before GC invocations=18 (full 3):
 PSYoungGen      total 151552K, used 7248K [0x00000000e0000000, 0x00000000eb900000, 0x0000000100000000)
  eden space 137728K, 0% used [0x00000000e0000000,0x00000000e0000000,0x00000000e8680000)
  from space 13824K, 52% used [0x00000000e8680000,0x00000000e8d94328,0x00000000e9400000)
  to   space 13312K, 0% used [0x00000000eac00000,0x00000000eac00000,0x00000000eb900000)
 ParOldGen       total 54784K, used 31250K [0x00000000a0000000, 0x00000000a3580000, 0x00000000e0000000)
  object space 54784K, 57% used [0x00000000a0000000,0x00000000a1e84a70,0x00000000a3580000)
 Metaspace       used 57239K, capacity 58952K, committed 59096K, reserved 1099776K
  class space    used 7524K, capacity 7947K, committed 8064K, reserved 1048576K
Event: 42.404 GC heap after
Heap after GC invocations=18 (full 3):
 PSYoungGen      total 151552K, used 0K [0x00000000e0000000, 0x00000000eb900000, 0x0000000100000000)
  eden space 137728K, 0% used [0x00000000e0000000,0x00000000e0000000,0x00000000e8680000)
  from space 13824K, 0% used [0x00000000e8680000,0x00000000e8680000,0x00000000e9400000)
  to   space 13312K, 0% used [0x00000000eac00000,0x00000000eac00000,0x00000000eb900000)
 ParOldGen       total 81920K, used 27770K [0x00000000a0000000, 0x00000000a5000000, 0x00000000e0000000)
  object space 81920K, 33% used [0x00000000a0000000,0x00000000a1b1e9b0,0x00000000a5000000)
 Metaspace       used 57239K, capacity 58952K, committed 59096K, reserved 1099776K
  class space    used 7524K, capacity 7947K, committed 8064K, reserved 1048576K
}
Event: 46.290 GC heap before
{Heap before GC invocations=19 (full 3):
 PSYoungGen      total 151552K, used 137728K [0x00000000e0000000, 0x00000000eb900000, 0x0000000100000000)
  eden space 137728K, 100% used [0x00000000e0000000,0x00000000e8680000,0x00000000e8680000)
  from space 13824K, 0% used [0x00000000e8680000,0x00000000e8680000,0x00000000e9400000)
  to   space 13312K, 0% used [0x00000000eac00000,0x00000000eac00000,0x00000000eb900000)
 ParOldGen       total 81920K, used 27770K [0x00000000a0000000, 0x00000000a5000000, 0x00000000e0000000)
  object space 81920K, 33% used [0x00000000a0000000,0x00000000a1b1e9b0,0x00000000a5000000)
 Metaspace       used 62448K, capacity 64494K, committed 64640K, reserved 1105920K
  class space    used 8268K, capacity 8734K, committed 8832K, reserved 1048576K
Event: 46.315 GC heap after
Heap after GC invocations=19 (full 3):
 PSYoungGen      total 174080K, used 13304K [0x00000000e0000000, 0x00000000ebf80000, 0x0000000100000000)
  eden space 160768K, 0% used [0x00000000e0000000,0x00000000e0000000,0x00000000e9d00000)
  from space 13312K, 99% used [0x00000000eac00000,0x00000000eb8fe1d8,0x00000000eb900000)
  to   space 15360K, 0% used [0x00000000e9d00000,0x00000000e9d00000,0x00000000eac00000)
 ParOldGen       total 81920K, used 28030K [0x00000000a0000000, 0x00000000a5000000, 0x00000000e0000000)
  object space 81920K, 34% used [0x00000000a0000000,0x00000000a1b5f968,0x00000000a5000000)
 Metaspace       used 62448K, capacity 64494K, committed 64640K, reserved 1105920K
  class space    used 8268K, capacity 8734K, committed 8832K, reserved 1048576K
}
Event: 55.035 GC heap before
{Heap before GC invocations=20 (full 3):
 PSYoungGen      total 174080K, used 173422K [0x00000000e0000000, 0x00000000ebf80000, 0x0000000100000000)
  eden space 160768K, 99% used [0x00000000e0000000,0x00000000e9c5d980,0x00000000e9d00000)
  from space 13312K, 99% used [0x00000000eac00000,0x00000000eb8fe1d8,0x00000000eb900000)
  to   space 15360K, 0% used [0x00000000e9d00000,0x00000000e9d00000,0x00000000eac00000)
 ParOldGen       total 81920K, used 28030K [0x00000000a0000000, 0x00000000a5000000, 0x00000000e0000000)
  object space 81920K, 34% used [0x00000000a0000000,0x00000000a1b5f968,0x00000000a5000000)
 Metaspace       used 64803K, capacity 66962K, committed 67200K, reserved 1107968K
  class space    used 8512K, capacity 8972K, committed 9088K, reserved 1048576K
Event: 55.107 GC heap after
Heap after GC invocations=20 (full 3):
 PSYoungGen      total 176128K, used 15343K [0x00000000e0000000, 0x00000000edf00000, 0x0000000100000000)
  eden space 160768K, 0% used [0x00000000e0000000,0x00000000e0000000,0x00000000e9d00000)
  from space 15360K, 99% used [0x00000000e9d00000,0x00000000eabfbf88,0x00000000eac00000)
  to   space 22528K, 0% used [0x00000000ec900000,0x00000000ec900000,0x00000000edf00000)
 ParOldGen       total 81920K, used 42134K [0x00000000a0000000, 0x00000000a5000000, 0x00000000e0000000)
  object space 81920K, 51% used [0x00000000a0000000,0x00000000a2925b60,0x00000000a5000000)
 Metaspace       used 64803K, capacity 66962K, committed 67200K, reserved 1107968K
  class space    used 8512K, capacity 8972K, committed 9088K, reserved 1048576K
}
Event: 83.066 GC heap before
{Heap before GC invocations=21 (full 3):
 PSYoungGen      total 176128K, used 176111K [0x00000000e0000000, 0x00000000edf00000, 0x0000000100000000)
  eden space 160768K, 100% used [0x00000000e0000000,0x00000000e9d00000,0x00000000e9d00000)
  from space 15360K, 99% used [0x00000000e9d00000,0x00000000eabfbf88,0x00000000eac00000)
  to   space 22528K, 0% used [0x00000000ec900000,0x00000000ec900000,0x00000000edf00000)
 ParOldGen       total 81920K, used 42134K [0x00000000a0000000, 0x00000000a5000000, 0x00000000e0000000)
  object space 81920K, 51% used [0x00000000a0000000,0x00000000a2925b60,0x00000000a5000000)
 Metaspace       used 69040K, capacity 71334K, committed 71552K, reserved 1112064K
  class space    used 9016K, capacity 9506K, committed 9600K, reserved 1048576K
Event: 83.114 GC heap after
Heap after GC invocations=21 (full 3):
 PSYoungGen      total 199680K, used 12438K [0x00000000e0000000, 0x00000000edc00000, 0x0000000100000000)
  eden space 180224K, 0% used [0x00000000e0000000,0x00000000e0000000,0x00000000eb000000)
  from space 19456K, 63% used [0x00000000ec900000,0x00000000ed5258e0,0x00000000edc00000)
  to   space 22528K, 0% used [0x00000000eb000000,0x00000000eb000000,0x00000000ec600000)
 ParOldGen       total 81920K, used 56903K [0x00000000a0000000, 0x00000000a5000000, 0x00000000e0000000)
  object space 81920K, 69% used [0x00000000a0000000,0x00000000a3791db0,0x00000000a5000000)
 Metaspace       used 69040K, capacity 71334K, committed 71552K, reserved 1112064K
  class space    used 9016K, capacity 9506K, committed 9600K, reserved 1048576K
}

