# JRE version: OpenJDK Runtime Environment (8.0_212-b04) (build 1.8.0_212-release-1586-b04)
# Java VM: OpenJDK 64-Bit Server VM (25.212-b04 mixed mode windows-amd64 compressed oops)
Heap:
 PSYoungGen      total 87552K, used 23251K [0x00000000e0000000, 0x00000000e6d80000, 0x0000000100000000)
  eden space 79360K, 18% used [0x00000000e0000000,0x00000000e0eb7bb0,0x00000000e4d80000)
  from space 8192K, 99% used [0x00000000e4d80000,0x00000000e557d120,0x00000000e5580000)
  to   space 11264K, 0% used [0x00000000e6280000,0x00000000e6280000,0x00000000e6d80000)
 ParOldGen       total 51200K, used 23925K [0x00000000a0000000, 0x00000000a3200000, 0x00000000e0000000)
  object space 51200K, 46% used [0x00000000a0000000,0x00000000a175d5b0,0x00000000a3200000)
 Metaspace       used 48118K, capacity 49384K, committed 49536K, reserved 1091584K
  class space    used 6425K, capacity 6755K, committed 6784K, reserved 1048576K
GC Heap History (10 events):
Event: 20.685 GC heap before
{Heap before GC invocations=15 (full 1):
 PSYoungGen      total 52736K, used 49972K [0x00000000e0000000, 0x00000000e4a80000, 0x0000000100000000)
  eden space 46080K, 100% used [0x00000000e0000000,0x00000000e2d00000,0x00000000e2d00000)
  from space 6656K, 58% used [0x00000000e2d00000,0x00000000e30cd0b8,0x00000000e3380000)
  to   space 6656K, 0% used [0x00000000e4400000,0x00000000e4400000,0x00000000e4a80000)
 ParOldGen       total 31744K, used 12094K [0x00000000a0000000, 0x00000000a1f00000, 0x00000000e0000000)
  object space 31744K, 38% used [0x00000000a0000000,0x00000000a0bcfbc0,0x00000000a1f00000)
 Metaspace       used 32653K, capacity 33302K, committed 33408K, reserved 1077248K
  class space    used 4474K, capacity 4710K, committed 4736K, reserved 1048576K
Event: 20.698 GC heap after
Heap after GC invocations=15 (full 1):
 PSYoungGen      total 68608K, used 3306K [0x00000000e0000000, 0x00000000e4a00000, 0x0000000100000000)
  eden space 62464K, 0% used [0x00000000e0000000,0x00000000e0000000,0x00000000e3d00000)
  from space 6144K, 53% used [0x00000000e4400000,0x00000000e473aa18,0x00000000e4a00000)
  to   space 6656K, 0% used [0x00000000e3d00000,0x00000000e3d00000,0x00000000e4380000)
 ParOldGen       total 31744K, used 13977K [0x00000000a0000000, 0x00000000a1f00000, 0x00000000e0000000)
  object space 31744K, 44% used [0x00000000a0000000,0x00000000a0da6518,0x00000000a1f00000)
 Metaspace       used 32653K, capacity 33302K, committed 33408K, reserved 1077248K
  class space    used 4474K, capacity 4710K, committed 4736K, reserved 1048576K
}
Event: 22.391 GC heap before
{Heap before GC invocations=16 (full 1):
 PSYoungGen      total 68608K, used 42947K [0x00000000e0000000, 0x00000000e4a00000, 0x0000000100000000)
  eden space 62464K, 63% used [0x00000000e0000000,0x00000000e26b6440,0x00000000e3d00000)
  from space 6144K, 53% used [0x00000000e4400000,0x00000000e473aa18,0x00000000e4a00000)
  to   space 6656K, 0% used [0x00000000e3d00000,0x00000000e3d00000,0x00000000e4380000)
 ParOldGen       total 31744K, used 13977K [0x00000000a0000000, 0x00000000a1f00000, 0x00000000e0000000)
  object space 31744K, 44% used [0x00000000a0000000,0x00000000a0da6518,0x00000000a1f00000)
 Metaspace       used 34622K, capacity 35384K, committed 35456K, reserved 1079296K
  class space    used 4745K, capacity 4969K, committed 4992K, reserved 1048576K
Event: 22.398 GC heap after
Heap after GC invocations=16 (full 1):
 PSYoungGen      total 69120K, used 2642K [0x00000000e0000000, 0x00000000e5d80000, 0x0000000100000000)
  eden space 62464K, 0% used [0x00000000e0000000,0x00000000e0000000,0x00000000e3d00000)
  from space 6656K, 39% used [0x00000000e3d00000,0x00000000e3f94918,0x00000000e4380000)
  to   space 6144K, 0% used [0x00000000e5780000,0x00000000e5780000,0x00000000e5d80000)
 ParOldGen       total 31744K, used 14960K [0x00000000a0000000, 0x00000000a1f00000, 0x00000000e0000000)
  object space 31744K, 47% used [0x00000000a0000000,0x00000000a0e9c0d8,0x00000000a1f00000)
 Metaspace       used 34622K, capacity 35384K, committed 35456K, reserved 1079296K
  class space    used 4745K, capacity 4969K, committed 4992K, reserved 1048576K
}
Event: 22.398 GC heap before
{Heap before GC invocations=17 (full 2):
 PSYoungGen      total 69120K, used 2642K [0x00000000e0000000, 0x00000000e5d80000, 0x0000000100000000)
  eden space 62464K, 0% used [0x00000000e0000000,0x00000000e0000000,0x00000000e3d00000)
  from space 6656K, 39% used [0x00000000e3d00000,0x00000000e3f94918,0x00000000e4380000)
  to   space 6144K, 0% used [0x00000000e5780000,0x00000000e5780000,0x00000000e5d80000)
 ParOldGen       total 31744K, used 14960K [0x00000000a0000000, 0x00000000a1f00000, 0x00000000e0000000)
  object space 31744K, 47% used [0x00000000a0000000,0x00000000a0e9c0d8,0x00000000a1f00000)
 Metaspace       used 34622K, capacity 35384K, committed 35456K, reserved 1079296K
  class space    used 4745K, capacity 4969K, committed 4992K, reserved 1048576K
Event: 22.509 GC heap after
Heap after GC invocations=17 (full 2):
 PSYoungGen      total 69120K, used 0K [0x00000000e0000000, 0x00000000e5d80000, 0x0000000100000000)
  eden space 62464K, 0% used [0x00000000e0000000,0x00000000e0000000,0x00000000e3d00000)
  from space 6656K, 0% used [0x00000000e3d00000,0x00000000e3d00000,0x00000000e4380000)
  to   space 6144K, 0% used [0x00000000e5780000,0x00000000e5780000,0x00000000e5d80000)
 ParOldGen       total 51200K, used 14990K [0x00000000a0000000, 0x00000000a3200000, 0x00000000e0000000)
  object space 51200K, 29% used [0x00000000a0000000,0x00000000a0ea3a00,0x00000000a3200000)
 Metaspace       used 34622K, capacity 35384K, committed 35456K, reserved 1079296K
  class space    used 4745K, capacity 4969K, committed 4992K, reserved 1048576K
}
Event: 30.391 GC heap before
{Heap before GC invocations=18 (full 2):
 PSYoungGen      total 69120K, used 62464K [0x00000000e0000000, 0x00000000e5d80000, 0x0000000100000000)
  eden space 62464K, 100% used [0x00000000e0000000,0x00000000e3d00000,0x00000000e3d00000)
  from space 6656K, 0% used [0x00000000e3d00000,0x00000000e3d00000,0x00000000e4380000)
  to   space 6144K, 0% used [0x00000000e5780000,0x00000000e5780000,0x00000000e5d80000)
 ParOldGen       total 51200K, used 14990K [0x00000000a0000000, 0x00000000a3200000, 0x00000000e0000000)
  object space 51200K, 29% used [0x00000000a0000000,0x00000000a0ea3a00,0x00000000a3200000)
 Metaspace       used 40872K, capacity 41900K, committed 42240K, reserved 1085440K
  class space    used 5499K, capacity 5784K, committed 5888K, reserved 1048576K
Event: 30.403 GC heap after
Heap after GC invocations=18 (full 2):
 PSYoungGen      total 83968K, used 6132K [0x00000000e0000000, 0x00000000e5d80000, 0x0000000100000000)
  eden space 77824K, 0% used [0x00000000e0000000,0x00000000e0000000,0x00000000e4c00000)
  from space 6144K, 99% used [0x00000000e5780000,0x00000000e5d7d230,0x00000000e5d80000)
  to   space 8192K, 0% used [0x00000000e4d80000,0x00000000e4d80000,0x00000000e5580000)
 ParOldGen       total 51200K, used 17683K [0x00000000a0000000, 0x00000000a3200000, 0x00000000e0000000)
  object space 51200K, 34% used [0x00000000a0000000,0x00000000a1144f90,0x00000000a3200000)
 Metaspace       used 40872K, capacity 41900K, committed 42240K, reserved 1085440K
  class space    used 5499K, capacity 5784K, committed 5888K, reserved 1048576K
}
Event: 38.020 GC heap before
{Heap before GC invocations=19 (full 2):
 PSYoungGen      total 83968K, used 83956K [0x00000000e0000000, 0x00000000e5d80000, 0x0000000100000000)
  eden space 77824K, 100% used [0x00000000e0000000,0x00000000e4c00000,0x00000000e4c00000)
  from space 6144K, 99% used [0x00000000e5780000,0x00000000e5d7d230,0x00000000e5d80000)
  to   space 8192K, 0% used [0x00000000e4d80000,0x00000000e4d80000,0x00000000e5580000)
 ParOldGen       total 51200K, used 17683K [0x00000000a0000000, 0x00000000a3200000, 0x00000000e0000000)
  object space 51200K, 34% used [0x00000000a0000000,0x00000000a1144f90,0x00000000a3200000)
 Metaspace       used 47874K, capacity 49042K, committed 49280K, reserved 1091584K
  class space    used 6381K, capacity 6684K, committed 6784K, reserved 1048576K
Event: 38.041 GC heap after
Heap after GC invocations=19 (full 2):
 PSYoungGen      total 87552K, used 8180K [0x00000000e0000000, 0x00000000e6d80000, 0x0000000100000000)
  eden space 79360K, 0% used [0x00000000e0000000,0x00000000e0000000,0x00000000e4d80000)
  from space 8192K, 99% used [0x00000000e4d80000,0x00000000e557d120,0x00000000e5580000)
  to   space 11264K, 0% used [0x00000000e6280000,0x00000000e6280000,0x00000000e6d80000)
 ParOldGen       total 51200K, used 23925K [0x00000000a0000000, 0x00000000a3200000, 0x00000000e0000000)
  object space 51200K, 46% used [0x00000000a0000000,0x00000000a175d5b0,0x00000000a3200000)
 Metaspace       used 47874K, capacity 49042K, committed 49280K, reserved 1091584K
  class space    used 6381K, capacity 6684K, committed 6784K, reserved 1048576K
}

